&{Date:1444311483 Buy:244.61 Sell:244.67 High:245.68 Low:242.78 Last:244.62 Vol:5699.051 Ema1:190.152007 Ema1Ave:64.142998 DiffAve:126.009008 Diff: Up:UP Time:Thursday, 08-Oct-15 22:38:14 Asia/Tokyo}
&{Date:1444311784 Buy:244.47 Sell:244.6 High:245.68 Low:242.78 Last:244.48 Vol:5695.423 Ema1:198.510160 Ema1Ave:75.171340 DiffAve:123.338819 Diff: Up:UP Time:Thursday, 08-Oct-15 22:43:14 Asia/Tokyo}
&{Date:1444312084 Buy:244.32 Sell:244.44 High:245.68 Low:242.78 Last:244.32 Vol:5691.986 Ema1:205.557828 Ema1Ave:86.591220 DiffAve:118.966608 Diff: Up:UP Time:Thursday, 08-Oct-15 22:48:15 Asia/Tokyo}
&{Date:1444312385 Buy:244.09 Sell:244.31 High:245.68 Low:242.78 Last:244.17 Vol:5744.073 Ema1:211.498162 Ema1Ave:98.341118 DiffAve:113.157044 Diff: Up:UP Time:Thursday, 08-Oct-15 22:53:16 Asia/Tokyo}
&{Date:1444312686 Buy:244.16 Sell:244.35 High:245.68 Low:242.78 Last:244.32 Vol:5733.017 Ema1:216.547676 Ema1Ave:110.371544 DiffAve:106.176131 Diff: Up:UP Time:Thursday, 08-Oct-15 22:58:17 Asia/Tokyo}
&{Date:1444312986 Buy:244.05 Sell:244.29 High:245.68 Low:242.78 Last:244.32 Vol:5735.341 Ema1:220.820341 Ema1Ave:122.639341 DiffAve:98.181000 Diff: Up:UP Time:Thursday, 08-Oct-15 23:03:17 Asia/Tokyo}
&{Date:1444313286 Buy:244.21 Sell:244.34 High:245.68 Low:242.78 Last:244.26 Vol:5735.041 Ema1:224.426442 Ema1Ave:135.107477 DiffAve:89.318966 Diff: Up:UP Time:Thursday, 08-Oct-15 23:08:17 Asia/Tokyo}
&{Date:1444313587 Buy:244.03 Sell:244.33 High:245.68 Low:242.78 Last:244.16 Vol:5717.985 Ema1:227.462374 Ema1Ave:147.744275 DiffAve:79.718099 Diff: Up:UP Time:Thursday, 08-Oct-15 23:13:17 Asia/Tokyo}
&{Date:1444313887 Buy:243.97 Sell:244.33 High:245.68 Low:242.78 Last:244.25 Vol:5721.482 Ema1:230.045086 Ema1Ave:160.524558 DiffAve:69.520528 Diff: Up:UP Time:Thursday, 08-Oct-15 23:18:18 Asia/Tokyo}
&{Date:1444314187 Buy:243.98 Sell:244.34 High:245.68 Low:242.78 Last:244.1 Vol:5706.722 Ema1:232.207380 Ema1Ave:173.424968 DiffAve:58.782413 Diff: Up:UP Time:Thursday, 08-Oct-15 23:23:18 Asia/Tokyo}
&{Date:1444314488 Buy:243.98 Sell:244.16 High:245.68 Low:242.78 Last:244.04 Vol:5669.844 Ema1:234.027783 Ema1Ave:184.337622 DiffAve:49.690161 Diff: Up:UP Time:Thursday, 08-Oct-15 23:28:18 Asia/Tokyo}
&{Date:1444314788 Buy:244.01 Sell:244.09 High:245.68 Low:242.78 Last:244.0 Vol:5669.666 Ema1:235.561970 Ema1Ave:193.567988 DiffAve:41.993982 Diff: Up:UP Time:Thursday, 08-Oct-15 23:33:19 Asia/Tokyo}
&{Date:1444315088 Buy:244.06 Sell:244.13 High:245.68 Low:242.78 Last:244.1 Vol:5665.929 Ema1:236.875513 Ema1Ave:201.374964 DiffAve:35.500549 Diff: Up:UP Time:Thursday, 08-Oct-15 23:38:19 Asia/Tokyo}
&{Date:1444315389 Buy:243.99 Sell:244.13 High:245.68 Low:242.78 Last:244.07 Vol:5664.025 Ema1:237.982357 Ema1Ave:207.978047 DiffAve:30.004310 Diff: Up:UP Time:Thursday, 08-Oct-15 23:43:20 Asia/Tokyo}
&{Date:1444315689 Buy:243.99 Sell:244.08 High:245.68 Low:242.78 Last:244.02 Vol:5649.773 Ema1:238.911225 Ema1Ave:213.562022 DiffAve:25.349203 Diff: Up:UP Time:Thursday, 08-Oct-15 23:48:20 Asia/Tokyo}
&{Date:1444315990 Buy:243.9 Sell:244.07 High:245.68 Low:242.78 Last:244.07 Vol:5633.763 Ema1:239.704883 Ema1Ave:218.282993 DiffAve:21.421889 Diff: Up:UP Time:Thursday, 08-Oct-15 23:53:21 Asia/Tokyo}
&{Date:1444316290 Buy:243.66 Sell:243.73 High:245.68 Low:242.78 Last:243.7 Vol:5636.203 Ema1:240.319516 Ema1Ave:222.269969 DiffAve:18.049548 Diff: Up:UP Time:Thursday, 08-Oct-15 23:58:21 Asia/Tokyo}
&{Date:1444316590 Buy:243.61 Sell:243.85 High:245.68 Low:242.78 Last:243.74 Vol:5640.203 Ema1:240.845744 Ema1Ave:225.636469 DiffAve:15.209275 Diff: Up:UP Time:Friday, 09-Oct-15 00:03:21 Asia/Tokyo}
&{Date:1444316891 Buy:243.66 Sell:243.87 High:245.68 Low:242.78 Last:243.74 Vol:5635.963 Ema1:241.291014 Ema1Ave:228.477525 DiffAve:12.813489 Diff: Up:UP Time:Friday, 09-Oct-15 00:08:22 Asia/Tokyo}
&{Date:1444317191 Buy:243.71 Sell:243.88 High:245.68 Low:242.78 Last:243.88 Vol:5635.753 Ema1:241.689320 Ema1Ave:230.876367 DiffAve:10.812952 Diff: Up:UP Time:Friday, 09-Oct-15 00:13:22 Asia/Tokyo}
&{Date:1444317492 Buy:243.7 Sell:244.01 High:245.68 Low:242.78 Last:243.86 Vol:5644.297 Ema1:242.023271 Ema1Ave:232.902225 DiffAve:9.121045 Diff: Up:UP Time:Friday, 09-Oct-15 00:18:23 Asia/Tokyo}
&{Date:1444317792 Buy:243.7 Sell:244.03 High:245.68 Low:242.78 Last:244.03 Vol:5641.197 Ema1:242.331999 Ema1Ave:234.615216 DiffAve:7.716782 Diff: Up:UP Time:Friday, 09-Oct-15 00:23:23 Asia/Tokyo}
&{Date:1444318092 Buy:243.99 Sell:244.1 High:245.68 Low:242.78 Last:243.98 Vol:5641.536 Ema1:242.585538 Ema1Ave:236.061764 DiffAve:6.523773 Diff: Up:UP Time:Friday, 09-Oct-15 00:28:23 Asia/Tokyo}
&{Date:1444318393 Buy:244.0 Sell:244.08 High:245.68 Low:242.78 Last:243.85 Vol:5641.017 Ema1:242.780071 Ema1Ave:237.281749 DiffAve:5.498321 Diff: Up:UP Time:Friday, 09-Oct-15 00:33:24 Asia/Tokyo}
&{Date:1444318693 Buy:243.91 Sell:244.1 High:245.68 Low:242.78 Last:243.96 Vol:5638.341 Ema1:242.961599 Ema1Ave:238.311480 DiffAve:4.650118 Diff: Up:UP Time:Friday, 09-Oct-15 00:38:24 Asia/Tokyo}
&{Date:1444318994 Buy:243.85 Sell:243.94 High:245.68 Low:242.78 Last:243.87 Vol:5639.193 Ema1:243.101353 Ema1Ave:239.180312 DiffAve:3.921041 Diff: Up:UP Time:Friday, 09-Oct-15 00:43:25 Asia/Tokyo}
&{Date:1444319294 Buy:244.01 Sell:244.1 High:245.68 Low:242.78 Last:244.08 Vol:5633.373 Ema1:243.251914 Ema1Ave:239.914025 DiffAve:3.337889 Diff: Up:UP Time:Friday, 09-Oct-15 00:48:25 Asia/Tokyo}
&{Date:1444319595 Buy:244.01 Sell:244.11 High:245.68 Low:242.78 Last:244.11 Vol:5630.863 Ema1:243.383927 Ema1Ave:240.534944 DiffAve:2.848983 Diff: Up:UP Time:Friday, 09-Oct-15 00:53:26 Asia/Tokyo}
&{Date:1444319895 Buy:244.02 Sell:244.28 High:245.68 Low:242.78 Last:244.08 Vol:5619.063 Ema1:243.491015 Ema1Ave:241.060679 DiffAve:2.430336 Diff: Up:UP Time:Friday, 09-Oct-15 00:58:26 Asia/Tokyo}
&{Date:1444320196 Buy:244.11 Sell:244.29 High:245.68 Low:242.78 Last:244.18 Vol:5615.133 Ema1:243.597013 Ema1Ave:241.507071 DiffAve:2.089942 Diff: Up:UP Time:Friday, 09-Oct-15 01:03:27 Asia/Tokyo}
&{Date:1444320496 Buy:244.05 Sell:244.27 High:245.68 Low:242.78 Last:244.17 Vol:5610.825 Ema1:243.685165 Ema1Ave:241.885385 DiffAve:1.799780 Diff: Up:UP Time:Friday, 09-Oct-15 01:08:27 Asia/Tokyo}
&{Date:1444320797 Buy:244.01 Sell:244.24 High:245.68 Low:242.78 Last:244.14 Vol:5611.894 Ema1:243.755140 Ema1Ave:242.206095 DiffAve:1.549045 Diff: Up:UP Time:Friday, 09-Oct-15 01:13:28 Asia/Tokyo}
&{Date:1444321097 Buy:244.04 Sell:244.1 High:245.68 Low:242.78 Last:244.06 Vol:5613.249 Ema1:243.802042 Ema1Ave:242.477807 DiffAve:1.324235 Diff: Up:UP Time:Friday, 09-Oct-15 01:18:28 Asia/Tokyo}
&{Date:1444321398 Buy:244.04 Sell:244.24 High:245.68 Low:242.78 Last:244.14 Vol:5591.279 Ema1:243.854036 Ema1Ave:242.708315 DiffAve:1.145720 Diff: Up:UP Time:Friday, 09-Oct-15 01:23:29 Asia/Tokyo}
&{Date:1444321698 Buy:243.95 Sell:244.11 High:245.68 Low:242.78 Last:244.07 Vol:5558.874 Ema1:243.887261 Ema1Ave:242.906523 DiffAve:0.980738 Diff: Up:UP Time:Friday, 09-Oct-15 01:28:29 Asia/Tokyo}
&{Date:1444321998 Buy:244.12 Sell:244.16 High:245.68 Low:242.78 Last:244.12 Vol:5562.027 Ema1:243.923067 Ema1Ave:243.077486 DiffAve:0.845581 Diff: Up:UP Time:Friday, 09-Oct-15 01:33:29 Asia/Tokyo}
&{Date:1444322299 Buy:244.14 Sell:244.2 High:245.68 Low:242.78 Last:244.14 Vol:5566.438 Ema1:243.956441 Ema1Ave:243.225565 DiffAve:0.730876 Diff: Up:UP Time:Friday, 09-Oct-15 01:38:30 Asia/Tokyo}
&{Date:1444322599 Buy:244.1 Sell:244.2 High:245.68 Low:242.78 Last:244.15 Vol:5553.272 Ema1:243.986219 Ema1Ave:243.353171 DiffAve:0.633049 Diff: Up:UP Time:Friday, 09-Oct-15 01:43:30 Asia/Tokyo}
&{Date:1444322900 Buy:244.15 Sell:244.27 High:245.68 Low:242.78 Last:244.23 Vol:5560.993 Ema1:244.023724 Ema1Ave:243.464307 DiffAve:0.559417 Diff: Up:UP Time:Friday, 09-Oct-15 01:48:31 Asia/Tokyo}
&{Date:1444323201 Buy:244.22 Sell:244.35 High:245.68 Low:242.78 Last:244.24 Vol:5572.858 Ema1:244.056997 Ema1Ave:243.560140 DiffAve:0.496857 Diff: Up:UP Time:Friday, 09-Oct-15 01:53:32 Asia/Tokyo}
&{Date:1444323501 Buy:244.02 Sell:244.18 High:245.65 Low:242.78 Last:244.12 Vol:5566.268 Ema1:244.066690 Ema1Ave:243.642426 DiffAve:0.424263 Diff: Up:UP Time:Friday, 09-Oct-15 01:58:32 Asia/Tokyo}
&{Date:1444323801 Buy:244.06 Sell:244.27 High:245.59 Low:242.78 Last:244.24 Vol:5589.9 Ema1:244.093353 Ema1Ave:243.715386 DiffAve:0.377967 Diff: Up:UP Time:Friday, 09-Oct-15 02:03:32 Asia/Tokyo}
&{Date:1444324102 Buy:244.27 Sell:244.3 High:245.59 Low:242.78 Last:244.27 Vol:5590.182 Ema1:244.120529 Ema1Ave:243.779771 DiffAve:0.340758 Diff: Up:UP Time:Friday, 09-Oct-15 02:08:33 Asia/Tokyo}
&{Date:1444324402 Buy:244.11 Sell:244.25 High:245.59 Low:242.78 Last:244.19 Vol:5591.312 Ema1:244.131217 Ema1Ave:243.836986 DiffAve:0.294231 Diff: Up:UP Time:Friday, 09-Oct-15 02:13:33 Asia/Tokyo}
&{Date:1444324703 Buy:244.15 Sell:244.3 High:245.59 Low:242.78 Last:244.23 Vol:5579.454 Ema1:244.146414 Ema1Ave:243.886681 DiffAve:0.259734 Diff: Up:UP Time:Friday, 09-Oct-15 02:18:34 Asia/Tokyo}
&{Date:1444325003 Buy:244.28 Sell:244.36 High:245.59 Low:242.78 Last:244.3 Vol:5597.276 Ema1:244.170043 Ema1Ave:243.930354 DiffAve:0.239689 Diff: Up:UP Time:Friday, 09-Oct-15 02:23:34 Asia/Tokyo}
&{Date:1444325304 Buy:244.14 Sell:244.3 High:245.59 Low:242.78 Last:244.23 Vol:5587.724 Ema1:244.179267 Ema1Ave:243.968590 DiffAve:0.210677 Diff: Up:UP Time:Friday, 09-Oct-15 02:28:35 Asia/Tokyo}
&{Date:1444325604 Buy:244.4 Sell:244.48 High:245.59 Low:242.78 Last:244.5 Vol:5636.307 Ema1:244.228611 Ema1Ave:244.003679 DiffAve:0.224932 Diff: Up:UP Time:Friday, 09-Oct-15 02:33:35 Asia/Tokyo}
&{Date:1444325905 Buy:244.33 Sell:244.34 High:245.59 Low:242.78 Last:244.44 Vol:5695.917 Ema1:244.261132 Ema1Ave:244.035677 DiffAve:0.225456 Diff: Up:UP Time:Friday, 09-Oct-15 02:38:36 Asia/Tokyo}
&{Date:1444326205 Buy:244.36 Sell:244.4 High:245.59 Low:242.78 Last:244.36 Vol:5695.516 Ema1:244.276342 Ema1Ave:244.064633 DiffAve:0.211710 Diff: Up:UP Time:Friday, 09-Oct-15 02:43:36 Asia/Tokyo}
&{Date:1444326506 Buy:244.33 Sell:244.4 High:245.59 Low:242.78 Last:244.33 Vol:5702.041 Ema1:244.284597 Ema1Ave:244.091441 DiffAve:0.193156 Diff: Up:UP Time:Friday, 09-Oct-15 02:48:37 Asia/Tokyo}
&{Date:1444326806 Buy:244.36 Sell:244.44 High:245.59 Low:242.78 Last:244.4 Vol:5712.156 Ema1:244.302351 Ema1Ave:244.116348 DiffAve:0.186004 Diff: Up:UP Time:Friday, 09-Oct-15 02:53:37 Asia/Tokyo}
&{Date:1444327106 Buy:244.4 Sell:244.41 High:245.57 Low:242.78 Last:244.45 Vol:5684.125 Ema1:244.325066 Ema1Ave:244.140670 DiffAve:0.184396 Diff: Up:UP Time:Friday, 09-Oct-15 02:58:37 Asia/Tokyo}
&{Date:1444327406 Buy:244.4 Sell:244.57 High:245.57 Low:242.78 Last:244.46 Vol:5685.302 Ema1:244.345825 Ema1Ave:244.164157 DiffAve:0.181669 Diff: Up:UP Time:Friday, 09-Oct-15 03:03:37 Asia/Tokyo}
&{Date:1444327707 Buy:244.36 Sell:244.44 High:245.54 Low:242.78 Last:244.37 Vol:5691.84 Ema1:244.349544 Ema1Ave:244.185996 DiffAve:0.163549 Diff: Up:UP Time:Friday, 09-Oct-15 03:08:38 Asia/Tokyo}
&{Date:1444328007 Buy:244.36 Sell:244.43 High:245.51 Low:242.78 Last:244.37 Vol:5688.984 Ema1:244.352691 Ema1Ave:244.206355 DiffAve:0.146336 Diff: Up:UP Time:Friday, 09-Oct-15 03:13:39 Asia/Tokyo}
&{Date:1444328308 Buy:244.31 Sell:244.4 High:245.51 Low:242.78 Last:244.35 Vol:5697.453 Ema1:244.352277 Ema1Ave:244.224608 DiffAve:0.127669 Diff: Up:UP Time:Friday, 09-Oct-15 03:18:39 Asia/Tokyo}
&{Date:1444328609 Buy:244.28 Sell:244.36 High:245.51 Low:242.78 Last:244.38 Vol:5697.803 Ema1:244.356542 Ema1Ave:244.241250 DiffAve:0.115293 Diff: Up:UP Time:Friday, 09-Oct-15 03:23:40 Asia/Tokyo}
&{Date:1444328909 Buy:244.31 Sell:244.35 High:245.51 Low:242.78 Last:244.34 Vol:5700.548 Ema1:244.353997 Ema1Ave:244.257211 DiffAve:0.096786 Diff: Up:UP Time:Friday, 09-Oct-15 03:28:40 Asia/Tokyo}
&{Date:1444329209 Buy:244.31 Sell:244.36 High:245.51 Low:242.78 Last:244.32 Vol:5694.41 Ema1:244.348767 Ema1Ave:244.271401 DiffAve:0.077366 Diff: Up:UP Time:Friday, 09-Oct-15 03:33:40 Asia/Tokyo}
&{Date:1444329510 Buy:244.19 Sell:244.28 High:245.51 Low:242.78 Last:244.28 Vol:5697.818 Ema1:244.338187 Ema1Ave:244.283493 DiffAve:0.054695 Diff: Up:UP Time:Friday, 09-Oct-15 03:38:41 Asia/Tokyo}
&{Date:1444329810 Buy:244.14 Sell:244.32 High:245.51 Low:242.78 Last:244.31 Vol:5703.56 Ema1:244.333851 Ema1Ave:244.294750 DiffAve:0.039100 Diff: Up:UP Time:Friday, 09-Oct-15 03:43:41 Asia/Tokyo}
&{Date:1444330111 Buy:244.28 Sell:244.32 High:245.51 Low:242.78 Last:244.3 Vol:5701.942 Ema1:244.328643 Ema1Ave:244.304874 DiffAve:0.023769 Diff: Up:UP Time:Friday, 09-Oct-15 03:48:42 Asia/Tokyo}
&{Date:1444330412 Buy:244.28 Sell:244.35 High:245.51 Low:242.78 Last:244.29 Vol:5702.901 Ema1:244.322698 Ema1Ave:244.313355 DiffAve:0.009343 Diff: Up:UP Time:Friday, 09-Oct-15 03:53:43 Asia/Tokyo}
&{Date:1444330712 Buy:244.16 Sell:244.26 High:245.51 Low:242.78 Last:244.25 Vol:5713.325 Ema1:244.311514 Ema1Ave:244.320702 DiffAve:-0.009188 Diff: Up:DOWNoverZERO Time:Friday, 09-Oct-15 03:58:43 Asia/Tokyo}
&{Date:1444331012 Buy:244.17 Sell:244.3 High:245.51 Low:242.78 Last:244.28 Vol:5722.681 Ema1:244.306666 Ema1Ave:244.325038 DiffAve:-0.018373 Diff: Up:DOWN Time:Friday, 09-Oct-15 04:03:44 Asia/Tokyo}
&{Date:1444331313 Buy:244.23 Sell:244.31 High:245.51 Low:242.78 Last:244.24 Vol:5719.877 Ema1:244.296410 Ema1Ave:244.326998 DiffAve:-0.030589 Diff: Up:DOWN Time:Friday, 09-Oct-15 04:08:44 Asia/Tokyo}
&{Date:1444331614 Buy:244.15 Sell:244.31 High:245.51 Low:242.78 Last:244.24 Vol:5719.558 Ema1:244.287732 Ema1Ave:244.327631 DiffAve:-0.039899 Diff: Up:DOWN Time:Friday, 09-Oct-15 04:13:45 Asia/Tokyo}
&{Date:1444331914 Buy:244.14 Sell:244.3 High:245.51 Low:242.78 Last:244.19 Vol:5712.598 Ema1:244.272696 Ema1Ave:244.326970 DiffAve:-0.054274 Diff: Up:DOWN Time:Friday, 09-Oct-15 04:18:46 Asia/Tokyo}
&{Date:1444332215 Buy:244.14 Sell:244.2 High:245.51 Low:242.78 Last:244.15 Vol:5711.828 Ema1:244.253820 Ema1Ave:244.324274 DiffAve:-0.070454 Diff: Up:DOWN Time:Friday, 09-Oct-15 04:23:46 Asia/Tokyo}
&{Date:1444332515 Buy:243.94 Sell:244.19 High:245.51 Low:242.78 Last:244.13 Vol:5714.668 Ema1:244.234771 Ema1Ave:244.319257 DiffAve:-0.084486 Diff: Up:DOWN Time:Friday, 09-Oct-15 04:28:46 Asia/Tokyo}
&{Date:1444332815 Buy:244.12 Sell:244.18 High:245.51 Low:242.78 Last:244.17 Vol:5738.2 Ema1:244.224806 Ema1Ave:244.312534 DiffAve:-0.087728 Diff: Up:DOWN Time:Friday, 09-Oct-15 04:33:46 Asia/Tokyo}
&{Date:1444333116 Buy:244.12 Sell:244.19 High:245.51 Low:242.78 Last:244.15 Vol:5772.667 Ema1:244.213297 Ema1Ave:244.304965 DiffAve:-0.091667 Diff: Up:DOWN Time:Friday, 09-Oct-15 04:38:47 Asia/Tokyo}
&{Date:1444333416 Buy:244.12 Sell:244.27 High:245.51 Low:242.78 Last:244.26 Vol:5774.35 Ema1:244.220482 Ema1Ave:244.297620 DiffAve:-0.077138 Diff: Up:DOWN Time:Friday, 09-Oct-15 04:43:47 Asia/Tokyo}
&{Date:1444333716 Buy:244.2 Sell:244.28 High:245.51 Low:242.78 Last:244.25 Vol:5775.058 Ema1:244.225023 Ema1Ave:244.290550 DiffAve:-0.065527 Diff: Up:DOWN Time:Friday, 09-Oct-15 04:48:48 Asia/Tokyo}
&{Date:1444334017 Buy:244.28 Sell:244.36 High:245.48 Low:242.78 Last:244.31 Vol:5774.337 Ema1:244.238096 Ema1Ave:244.283970 DiffAve:-0.045873 Diff: Up:DOWN Time:Friday, 09-Oct-15 04:53:48 Asia/Tokyo}
&{Date:1444334317 Buy:244.24 Sell:244.36 High:245.42 Low:242.78 Last:244.24 Vol:5774.39 Ema1:244.238389 Ema1Ave:244.277547 DiffAve:-0.039158 Diff: Up:DOWN Time:Friday, 09-Oct-15 04:58:48 Asia/Tokyo}
&{Date:1444334618 Buy:243.92 Sell:244.0 High:245.42 Low:242.78 Last:243.97 Vol:5760.452 Ema1:244.197098 Ema1Ave:244.269121 DiffAve:-0.072023 Diff: Up:DOWN Time:Friday, 09-Oct-15 05:03:49 Asia/Tokyo}
&{Date:1444334918 Buy:243.94 Sell:244.0 High:245.42 Low:242.78 Last:244.0 Vol:5756.402 Ema1:244.166775 Ema1Ave:244.259598 DiffAve:-0.092823 Diff: Up:DOWN Time:Friday, 09-Oct-15 05:08:49 Asia/Tokyo}
&{Date:1444335219 Buy:243.92 Sell:244.18 High:245.42 Low:242.78 Last:244.01 Vol:5757.804 Ema1:244.142656 Ema1Ave:244.248976 DiffAve:-0.106320 Diff: Up:DOWN Time:Friday, 09-Oct-15 05:13:50 Asia/Tokyo}
&{Date:1444335519 Buy:243.93 Sell:244.17 High:245.42 Low:242.78 Last:244.06 Vol:5757.242 Ema1:244.129940 Ema1Ave:244.237937 DiffAve:-0.107997 Diff: Up:DOWN Time:Friday, 09-Oct-15 05:18:51 Asia/Tokyo}
&{Date:1444335820 Buy:244.0 Sell:244.2 High:245.42 Low:242.78 Last:244.17 Vol:5752.849 Ema1:244.136103 Ema1Ave:244.227571 DiffAve:-0.091468 Diff: Up:DOWN Time:Friday, 09-Oct-15 05:23:51 Asia/Tokyo}
&{Date:1444336120 Buy:243.96 Sell:244.24 High:245.42 Low:242.78 Last:244.16 Vol:5770.313 Ema1:244.139779 Ema1Ave:244.218030 DiffAve:-0.078251 Diff: Up:DOWN Time:Friday, 09-Oct-15 05:28:51 Asia/Tokyo}
&{Date:1444336420 Buy:244.2 Sell:244.28 High:245.42 Low:242.78 Last:244.24 Vol:5763.704 Ema1:244.155198 Ema1Ave:244.209615 DiffAve:-0.054417 Diff: Up:DOWN Time:Friday, 09-Oct-15 05:33:52 Asia/Tokyo}
&{Date:1444336721 Buy:244.24 Sell:244.28 High:245.42 Low:242.78 Last:244.22 Vol:5765.371 Ema1:244.165168 Ema1Ave:244.202324 DiffAve:-0.037156 Diff: Up:DOWN Time:Friday, 09-Oct-15 05:38:52 Asia/Tokyo}
&{Date:1444337021 Buy:244.2 Sell:244.28 High:245.42 Low:242.78 Last:244.26 Vol:5764.556 Ema1:244.179758 Ema1Ave:244.196325 DiffAve:-0.016568 Diff: Up:DOWN Time:Friday, 09-Oct-15 05:43:53 Asia/Tokyo}
&{Date:1444337322 Buy:244.16 Sell:244.23 High:245.42 Low:242.78 Last:244.21 Vol:5763.328 Ema1:244.184411 Ema1Ave:244.191421 DiffAve:-0.007010 Diff: Up:DOWN Time:Friday, 09-Oct-15 05:48:53 Asia/Tokyo}
&{Date:1444337622 Buy:244.28 Sell:244.32 High:245.42 Low:242.78 Last:244.28 Vol:5762.059 Ema1:244.199117 Ema1Ave:244.188382 DiffAve:0.010735 Diff: Up:UPoverZERO Time:Friday, 09-Oct-15 05:53:53 Asia/Tokyo}
&{Date:1444337922 Buy:244.2 Sell:244.28 High:245.42 Low:242.78 Last:244.23 Vol:5771.676 Ema1:244.203868 Ema1Ave:244.186665 DiffAve:0.017204 Diff: Up:UP Time:Friday, 09-Oct-15 05:58:53 Asia/Tokyo}
&{Date:1444338222 Buy:244.22 Sell:244.25 High:245.37 Low:242.78 Last:244.25 Vol:5783.545 Ema1:244.210965 Ema1Ave:244.185896 DiffAve:0.025069 Diff: Up:UP Time:Friday, 09-Oct-15 06:03:54 Asia/Tokyo}
&{Date:1444338523 Buy:244.28 Sell:244.35 High:245.37 Low:242.78 Last:244.35 Vol:5794.457 Ema1:244.232355 Ema1Ave:244.186955 DiffAve:0.045400 Diff: Up:UP Time:Friday, 09-Oct-15 06:08:54 Asia/Tokyo}
&{Date:1444338823 Buy:244.29 Sell:244.35 High:245.37 Low:242.78 Last:244.35 Vol:5807.899 Ema1:244.250454 Ema1Ave:244.188620 DiffAve:0.061835 Diff: Up:UP Time:Friday, 09-Oct-15 06:13:54 Asia/Tokyo}
&{Date:1444339124 Buy:244.32 Sell:244.38 High:245.37 Low:242.78 Last:244.36 Vol:5807.869 Ema1:244.267307 Ema1Ave:244.190969 DiffAve:0.076338 Diff: Up:UP Time:Friday, 09-Oct-15 06:18:55 Asia/Tokyo}
&{Date:1444339424 Buy:244.24 Sell:244.29 High:245.37 Low:242.78 Last:244.24 Vol:5809.967 Ema1:244.263106 Ema1Ave:244.192358 DiffAve:0.070748 Diff: Up:UP Time:Friday, 09-Oct-15 06:23:55 Asia/Tokyo}
&{Date:1444339724 Buy:244.08 Sell:244.16 High:245.37 Low:242.78 Last:244.15 Vol:5783.504 Ema1:244.245705 Ema1Ave:244.192765 DiffAve:0.052940 Diff: Up:UP Time:Friday, 09-Oct-15 06:28:56 Asia/Tokyo}
&{Date:1444340025 Buy:243.86 Sell:244.08 High:245.37 Low:242.78 Last:244.01 Vol:5784.703 Ema1:244.209443 Ema1Ave:244.193450 DiffAve:0.015992 Diff: Up:UP Time:Friday, 09-Oct-15 06:33:56 Asia/Tokyo}
&{Date:1444340326 Buy:243.81 Sell:244.08 High:245.37 Low:242.78 Last:244.01 Vol:5773.235 Ema1:244.178759 Ema1Ave:244.194116 DiffAve:-0.015357 Diff: Up:Mount Time:Friday, 09-Oct-15 06:38:57 Asia/Tokyo}
&{Date:1444340626 Buy:243.78 Sell:243.92 High:245.37 Low:242.78 Last:243.9 Vol:5786.952 Ema1:244.135873 Ema1Ave:244.193739 DiffAve:-0.057866 Diff: Up:DOWN Time:Friday, 09-Oct-15 06:43:57 Asia/Tokyo}
&{Date:1444340926 Buy:243.56 Sell:244.04 High:245.37 Low:242.78 Last:243.81 Vol:5802.721 Ema1:244.085739 Ema1Ave:244.191284 DiffAve:-0.105545 Diff: Up:DOWN Time:Friday, 09-Oct-15 06:48:58 Asia/Tokyo}
&{Date:1444341227 Buy:243.63 Sell:244.03 High:245.37 Low:242.78 Last:243.8 Vol:5792.391 Ema1:244.041779 Ema1Ave:244.186044 DiffAve:-0.144264 Diff: Up:DOWN Time:Friday, 09-Oct-15 06:53:58 Asia/Tokyo}
&{Date:1444341527 Buy:243.59 Sell:243.99 High:245.37 Low:242.78 Last:243.76 Vol:5776.092 Ema1:243.998428 Ema1Ave:244.178191 DiffAve:-0.179762 Diff: Up:DOWN Time:Friday, 09-Oct-15 06:58:58 Asia/Tokyo}
&{Date:1444341828 Buy:243.54 Sell:243.89 High:245.37 Low:242.78 Last:243.63 Vol:5732.407 Ema1:243.941747 Ema1Ave:244.166332 DiffAve:-0.224586 Diff: Up:DOWN Time:Friday, 09-Oct-15 07:03:59 Asia/Tokyo}
&{Date:1444342128 Buy:243.51 Sell:243.83 High:245.37 Low:242.78 Last:243.66 Vol:5708.06 Ema1:243.898401 Ema1Ave:244.151512 DiffAve:-0.253111 Diff: Up:DOWN Time:Friday, 09-Oct-15 07:08:59 Asia/Tokyo}
&{Date:1444342429 Buy:243.51 Sell:243.88 High:245.37 Low:242.78 Last:243.68 Vol:5690.783 Ema1:243.864801 Ema1Ave:244.134014 DiffAve:-0.269213 Diff: Up:DOWN Time:Friday, 09-Oct-15 07:14:00 Asia/Tokyo}
&{Date:1444342729 Buy:243.51 Sell:243.65 High:245.37 Low:242.78 Last:243.59 Vol:5651.396 Ema1:243.822524 Ema1Ave:244.113909 DiffAve:-0.291386 Diff: Up:DOWN Time:Friday, 09-Oct-15 07:19:01 Asia/Tokyo}
&{Date:1444343030 Buy:243.51 Sell:243.58 High:245.37 Low:242.78 Last:243.59 Vol:5646.588 Ema1:243.786751 Ema1Ave:244.091000 DiffAve:-0.304249 Diff: Up:DOWN Time:Friday, 09-Oct-15 07:24:01 Asia/Tokyo}
&{Date:1444343330 Buy:243.51 Sell:243.72 High:245.37 Low:242.78 Last:243.59 Vol:5658.751 Ema1:243.756482 Ema1Ave:244.066145 DiffAve:-0.309664 Diff: Up:DOWN Time:Friday, 09-Oct-15 07:29:01 Asia/Tokyo}
&{Date:1444343630 Buy:243.4 Sell:243.57 High:245.37 Low:242.78 Last:243.6 Vol:5666.106 Ema1:243.732408 Ema1Ave:244.039559 DiffAve:-0.307151 Diff: Up:DOWN Time:Friday, 09-Oct-15 07:34:02 Asia/Tokyo}
&{Date:1444343930 Buy:243.37 Sell:243.39 High:245.37 Low:242.78 Last:243.39 Vol:5671.992 Ema1:243.679730 Ema1Ave:244.008858 DiffAve:-0.329128 Diff: Up:DOWN Time:Friday, 09-Oct-15 07:39:02 Asia/Tokyo}
&{Date:1444344231 Buy:243.28 Sell:243.34 High:245.37 Low:242.78 Last:243.32 Vol:5704.369 Ema1:243.624387 Ema1Ave:243.974076 DiffAve:-0.349689 Diff: Up:DOWN Time:Friday, 09-Oct-15 07:44:02 Asia/Tokyo}
&{Date:1444344533 Buy:243.28 Sell:243.44 High:245.37 Low:242.78 Last:243.45 Vol:5732.632 Ema1:243.597558 Ema1Ave:243.936868 DiffAve:-0.339310 Diff: Up:DOWN Time:Friday, 09-Oct-15 07:49:04 Asia/Tokyo}
&{Date:1444344833 Buy:243.7 Sell:243.83 High:245.37 Low:242.78 Last:243.71 Vol:5750.287 Ema1:243.614857 Ema1Ave:243.900854 DiffAve:-0.285997 Diff: Up:DOWN Time:Friday, 09-Oct-15 07:54:04 Asia/Tokyo}
&{Date:1444345133 Buy:243.73 Sell:243.87 High:245.37 Low:242.78 Last:243.85 Vol:5753.97 Ema1:243.651033 Ema1Ave:243.867817 DiffAve:-0.216784 Diff: Up:DOWN Time:Friday, 09-Oct-15 07:59:05 Asia/Tokyo}
&{Date:1444345434 Buy:243.87 Sell:243.95 High:245.37 Low:242.78 Last:243.88 Vol:5762.262 Ema1:243.686259 Ema1Ave:243.838751 DiffAve:-0.152492 Diff: Up:DOWN Time:Friday, 09-Oct-15 08:04:06 Asia/Tokyo}
&{Date:1444345734 Buy:243.71 Sell:243.94 High:245.37 Low:242.78 Last:243.85 Vol:5764.334 Ema1:243.711450 Ema1Ave:243.812789 DiffAve:-0.101339 Diff: Up:DOWN Time:Friday, 09-Oct-15 08:09:06 Asia/Tokyo}
&{Date:1444346035 Buy:243.52 Sell:243.91 High:245.37 Low:242.78 Last:243.61 Vol:5741.444 Ema1:243.695842 Ema1Ave:243.788343 DiffAve:-0.092501 Diff: Up:DOWN Time:Friday, 09-Oct-15 08:14:07 Asia/Tokyo}
&{Date:1444346335 Buy:243.26 Sell:243.64 High:245.37 Low:242.78 Last:243.5 Vol:5671.294 Ema1:243.665712 Ema1Ave:243.765008 DiffAve:-0.099296 Diff: Up:DOWN Time:Friday, 09-Oct-15 08:19:07 Asia/Tokyo}
&{Date:1444346636 Buy:243.29 Sell:243.72 High:245.37 Low:242.78 Last:243.57 Vol:5579.124 Ema1:243.650987 Ema1Ave:243.743298 DiffAve:-0.092311 Diff: Up:DOWN Time:Friday, 09-Oct-15 08:24:07 Asia/Tokyo}
&{Date:1444346936 Buy:243.25 Sell:243.38 High:245.37 Low:242.78 Last:243.36 Vol:5571.997 Ema1:243.606220 Ema1Ave:243.721508 DiffAve:-0.115288 Diff: Up:DOWN Time:Friday, 09-Oct-15 08:29:08 Asia/Tokyo}
&{Date:1444347237 Buy:243.17 Sell:243.43 High:245.37 Low:242.78 Last:243.42 Vol:5540.599 Ema1:243.577571 Ema1Ave:243.701276 DiffAve:-0.123705 Diff: Up:DOWN Time:Friday, 09-Oct-15 08:34:08 Asia/Tokyo}
&{Date:1444347537 Buy:243.24 Sell:243.3 High:245.37 Low:242.78 Last:243.25 Vol:5509.527 Ema1:243.527175 Ema1Ave:243.680653 DiffAve:-0.153477 Diff: Up:DOWN Time:Friday, 09-Oct-15 08:39:09 Asia/Tokyo}
&{Date:1444347837 Buy:243.01 Sell:243.21 High:245.37 Low:242.78 Last:243.17 Vol:5504.923 Ema1:243.472225 Ema1Ave:243.658843 DiffAve:-0.186618 Diff: Up:DOWN Time:Friday, 09-Oct-15 08:44:09 Asia/Tokyo}
&{Date:1444348137 Buy:243.04 Sell:243.34 High:245.37 Low:242.78 Last:243.32 Vol:5530.574 Ema1:243.448806 Ema1Ave:243.638081 DiffAve:-0.189275 Diff: Up:DOWN Time:Friday, 09-Oct-15 08:49:09 Asia/Tokyo}
&{Date:1444348438 Buy:243.11 Sell:243.4 High:245.37 Low:242.78 Last:243.28 Vol:5521.324 Ema1:243.422836 Ema1Ave:243.617863 DiffAve:-0.195027 Diff: Up:DOWN Time:Friday, 09-Oct-15 08:54:09 Asia/Tokyo}
&{Date:1444348738 Buy:243.22 Sell:243.37 High:245.37 Low:242.78 Last:243.37 Vol:5513.708 Ema1:243.414707 Ema1Ave:243.598876 DiffAve:-0.184168 Diff: Up:DOWN Time:Friday, 09-Oct-15 08:59:10 Asia/Tokyo}
&{Date:1444349039 Buy:243.42 Sell:243.55 High:245.37 Low:242.78 Last:243.44 Vol:5518.906 Ema1:243.418598 Ema1Ave:243.581442 DiffAve:-0.162844 Diff: Up:DOWN Time:Friday, 09-Oct-15 09:04:10 Asia/Tokyo}
&{Date:1444349339 Buy:243.27 Sell:243.43 High:245.37 Low:242.78 Last:243.32 Vol:5521.582 Ema1:243.403429 Ema1Ave:243.566092 DiffAve:-0.162663 Diff: Up:DOWN Time:Friday, 09-Oct-15 09:09:11 Asia/Tokyo}
&{Date:1444349639 Buy:243.3 Sell:243.36 High:245.37 Low:242.78 Last:243.33 Vol:5509.651 Ema1:243.392132 Ema1Ave:243.553189 DiffAve:-0.161057 Diff: Up:DOWN Time:Friday, 09-Oct-15 09:14:11 Asia/Tokyo}
&{Date:1444349940 Buy:243.24 Sell:243.31 High:245.37 Low:242.78 Last:243.31 Vol:5507.826 Ema1:243.379496 Ema1Ave:243.541074 DiffAve:-0.161578 Diff: Up:DOWN Time:Friday, 09-Oct-15 09:19:11 Asia/Tokyo}
&{Date:1444350240 Buy:243.3 Sell:243.36 High:245.37 Low:242.78 Last:243.34 Vol:5496.784 Ema1:243.373420 Ema1Ave:243.527661 DiffAve:-0.154241 Diff: Up:DOWN Time:Friday, 09-Oct-15 09:24:12 Asia/Tokyo}
&{Date:1444350540 Buy:243.08 Sell:243.24 High:245.37 Low:242.78 Last:243.09 Vol:5498.488 Ema1:243.329817 Ema1Ave:243.509816 DiffAve:-0.179999 Diff: Up:DOWN Time:Friday, 09-Oct-15 09:29:12 Asia/Tokyo}
&{Date:1444350840 Buy:243.2 Sell:243.23 High:245.37 Low:242.78 Last:243.25 Vol:5486.306 Ema1:243.317537 Ema1Ave:243.489331 DiffAve:-0.171794 Diff: Up:DOWN Time:Friday, 09-Oct-15 09:34:12 Asia/Tokyo}
&{Date:1444351141 Buy:243.02 Sell:243.1 High:245.37 Low:242.78 Last:243.12 Vol:5486.31 Ema1:243.287147 Ema1Ave:243.465759 DiffAve:-0.178612 Diff: Up:DOWN Time:Friday, 09-Oct-15 09:39:13 Asia/Tokyo}
&{Date:1444351441 Buy:243.1 Sell:243.24 High:245.37 Low:242.78 Last:243.17 Vol:5489.8 Ema1:243.269124 Ema1Ave:243.442052 DiffAve:-0.172928 Diff: Up:DOWN Time:Friday, 09-Oct-15 09:44:13 Asia/Tokyo}
&{Date:1444351742 Buy:243.01 Sell:243.15 High:245.37 Low:242.78 Last:243.01 Vol:5503.0 Ema1:243.229259 Ema1Ave:243.417805 DiffAve:-0.188546 Diff: Up:DOWN Time:Friday, 09-Oct-15 09:49:14 Asia/Tokyo}
&{Date:1444352042 Buy:243.01 Sell:243.04 High:245.37 Low:242.78 Last:243.01 Vol:5510.934 Ema1:243.195527 Ema1Ave:243.392501 DiffAve:-0.196975 Diff: Up:DOWN Time:Friday, 09-Oct-15 09:54:14 Asia/Tokyo}
&{Date:1444352343 Buy:243.05 Sell:243.23 High:245.37 Low:242.78 Last:243.07 Vol:5506.314 Ema1:243.176215 Ema1Ave:243.368612 DiffAve:-0.192397 Diff: Up:DOWN Time:Friday, 09-Oct-15 09:59:15 Asia/Tokyo}
&{Date:1444352644 Buy:243.2 Sell:243.28 High:245.37 Low:242.78 Last:243.2 Vol:5502.474 Ema1:243.179874 Ema1Ave:243.346518 DiffAve:-0.166644 Diff: Up:DOWN Time:Friday, 09-Oct-15 10:04:16 Asia/Tokyo}
&{Date:1444352944 Buy:243.01 Sell:243.15 High:245.37 Low:242.78 Last:243.02 Vol:5511.916 Ema1:243.155278 Ema1Ave:243.325857 DiffAve:-0.170579 Diff: Up:DOWN Time:Friday, 09-Oct-15 10:09:16 Asia/Tokyo}
&{Date:1444353245 Buy:243.01 Sell:243.17 High:245.37 Low:242.78 Last:243.01 Vol:5506.096 Ema1:243.132928 Ema1Ave:243.307007 DiffAve:-0.174080 Diff: Up:DOWN Time:Friday, 09-Oct-15 10:14:16 Asia/Tokyo}
&{Date:1444353545 Buy:243.01 Sell:243.14 High:245.37 Low:242.78 Last:243.01 Vol:5517.022 Ema1:243.114016 Ema1Ave:243.288408 DiffAve:-0.174392 Diff: Up:DOWN Time:Friday, 09-Oct-15 10:19:17 Asia/Tokyo}
&{Date:1444353846 Buy:243.13 Sell:243.24 High:245.37 Low:242.78 Last:243.13 Vol:5532.418 Ema1:243.116475 Ema1Ave:243.271388 DiffAve:-0.154913 Diff: Up:DOWN Time:Friday, 09-Oct-15 10:24:17 Asia/Tokyo}
&{Date:1444354146 Buy:243.1 Sell:243.24 High:245.37 Low:242.78 Last:243.22 Vol:5526.945 Ema1:243.132402 Ema1Ave:243.255704 DiffAve:-0.123302 Diff: Up:DOWN Time:Friday, 09-Oct-15 10:29:18 Asia/Tokyo}
&{Date:1444354446 Buy:243.24 Sell:243.32 High:245.37 Low:242.78 Last:243.29 Vol:5513.202 Ema1:243.156648 Ema1Ave:243.241151 DiffAve:-0.084503 Diff: Up:DOWN Time:Friday, 09-Oct-15 10:34:18 Asia/Tokyo}
&{Date:1444354746 Buy:243.35 Sell:243.4 High:245.37 Low:242.78 Last:243.36 Vol:5469.226 Ema1:243.187933 Ema1Ave:243.229179 DiffAve:-0.041246 Diff: Up:DOWN Time:Friday, 09-Oct-15 10:39:18 Asia/Tokyo}
&{Date:1444355047 Buy:243.36 Sell:243.4 High:245.37 Low:242.78 Last:243.48 Vol:5470.337 Ema1:243.232866 Ema1Ave:243.220331 DiffAve:0.012535 Diff: Up:UPoverZERO Time:Friday, 09-Oct-15 10:44:19 Asia/Tokyo}
&{Date:1444355348 Buy:243.36 Sell:243.41 High:245.37 Low:242.78 Last:243.41 Vol:5459.838 Ema1:243.260117 Ema1Ave:243.213699 DiffAve:0.046418 Diff: Up:UP Time:Friday, 09-Oct-15 10:49:20 Asia/Tokyo}
&{Date:1444355648 Buy:243.33 Sell:243.4 High:245.37 Low:242.78 Last:243.26 Vol:5463.474 Ema1:243.260099 Ema1Ave:243.207403 DiffAve:0.052696 Diff: Up:UP Time:Friday, 09-Oct-15 10:54:20 Asia/Tokyo}
&{Date:1444355949 Buy:243.32 Sell:243.37 High:245.37 Low:242.78 Last:243.36 Vol:5463.447 Ema1:243.275468 Ema1Ave:243.204384 DiffAve:0.071084 Diff: Up:UP Time:Friday, 09-Oct-15 10:59:21 Asia/Tokyo}
&{Date:1444356249 Buy:243.4 Sell:243.45 High:245.37 Low:242.78 Last:243.44 Vol:5453.705 Ema1:243.300781 Ema1Ave:243.203453 DiffAve:0.097327 Diff: Up:UP Time:Friday, 09-Oct-15 11:04:21 Asia/Tokyo}
&{Date:1444356549 Buy:243.36 Sell:243.44 High:245.37 Low:242.78 Last:243.42 Vol:5446.729 Ema1:243.319122 Ema1Ave:243.205230 DiffAve:0.113893 Diff: Up:UP Time:Friday, 09-Oct-15 11:09:21 Asia/Tokyo}
&{Date:1444356850 Buy:243.45 Sell:243.52 High:245.37 Low:242.78 Last:243.46 Vol:5451.229 Ema1:243.340796 Ema1Ave:243.209211 DiffAve:0.131584 Diff: Up:UP Time:Friday, 09-Oct-15 11:14:22 Asia/Tokyo}
&{Date:1444357151 Buy:243.22 Sell:243.4 High:245.37 Low:242.78 Last:243.36 Vol:5450.621 Ema1:243.343750 Ema1Ave:243.215572 DiffAve:0.128178 Diff: Up:UP Time:Friday, 09-Oct-15 11:19:23 Asia/Tokyo}
&{Date:1444357452 Buy:243.31 Sell:243.51 High:245.37 Low:242.78 Last:243.45 Vol:5438.233 Ema1:243.360096 Ema1Ave:243.224715 DiffAve:0.135381 Diff: Up:UP Time:Friday, 09-Oct-15 11:24:24 Asia/Tokyo}
&{Date:1444357752 Buy:243.4 Sell:243.42 High:245.37 Low:242.78 Last:243.4 Vol:5413.609 Ema1:243.366235 Ema1Ave:243.235271 DiffAve:0.130964 Diff: Up:UP Time:Friday, 09-Oct-15 11:29:24 Asia/Tokyo}
&{Date:1444358052 Buy:243.32 Sell:243.4 High:245.37 Low:242.78 Last:243.37 Vol:5397.977 Ema1:243.366814 Ema1Ave:243.245657 DiffAve:0.121157 Diff: Up:UP Time:Friday, 09-Oct-15 11:34:24 Asia/Tokyo}
&{Date:1444358352 Buy:243.2 Sell:243.4 High:245.37 Low:242.78 Last:243.33 Vol:5397.429 Ema1:243.361150 Ema1Ave:243.257094 DiffAve:0.104056 Diff: Up:UP Time:Friday, 09-Oct-15 11:39:24 Asia/Tokyo}
&{Date:1444358653 Buy:243.36 Sell:243.43 High:245.37 Low:242.78 Last:243.39 Vol:5398.021 Ema1:243.365588 Ema1Ave:243.270020 DiffAve:0.095569 Diff: Up:UP Time:Friday, 09-Oct-15 11:44:25 Asia/Tokyo}
&{Date:1444358953 Buy:243.36 Sell:243.43 High:245.37 Low:242.78 Last:243.39 Vol:5407.522 Ema1:243.369344 Ema1Ave:243.284205 DiffAve:0.085139 Diff: Up:UP Time:Friday, 09-Oct-15 11:49:25 Asia/Tokyo}
&{Date:1444359254 Buy:243.31 Sell:243.32 High:245.37 Low:242.78 Last:243.31 Vol:5407.178 Ema1:243.360214 Ema1Ave:243.297746 DiffAve:0.062468 Diff: Up:UP Time:Friday, 09-Oct-15 11:54:26 Asia/Tokyo}
&{Date:1444359554 Buy:243.33 Sell:243.39 High:245.37 Low:242.78 Last:243.39 Vol:5407.98 Ema1:243.364796 Ema1Ave:243.310657 DiffAve:0.054140 Diff: Up:UP Time:Friday, 09-Oct-15 11:59:26 Asia/Tokyo}
&{Date:1444359855 Buy:243.36 Sell:243.4 High:245.37 Low:242.78 Last:243.4 Vol:5426.172 Ema1:243.370212 Ema1Ave:243.322521 DiffAve:0.047691 Diff: Up:UP Time:Friday, 09-Oct-15 12:04:26 Asia/Tokyo}
&{Date:1444360155 Buy:243.32 Sell:243.39 High:245.37 Low:242.78 Last:243.39 Vol:5423.292 Ema1:243.373256 Ema1Ave:243.332817 DiffAve:0.040439 Diff: Up:UP Time:Friday, 09-Oct-15 12:09:27 Asia/Tokyo}
&{Date:1444360455 Buy:243.44 Sell:243.51 High:245.37 Low:242.78 Last:243.45 Vol:5433.989 Ema1:243.385063 Ema1Ave:243.341272 DiffAve:0.043791 Diff: Up:UP Time:Friday, 09-Oct-15 12:14:27 Asia/Tokyo}
&{Date:1444360755 Buy:243.41 Sell:243.48 High:245.37 Low:242.78 Last:243.44 Vol:5436.845 Ema1:243.393515 Ema1Ave:243.348683 DiffAve:0.044832 Diff: Up:UP Time:Friday, 09-Oct-15 12:19:27 Asia/Tokyo}
&{Date:1444361056 Buy:243.44 Sell:243.51 High:245.37 Low:242.78 Last:243.5 Vol:5442.959 Ema1:243.409897 Ema1Ave:243.357005 DiffAve:0.052892 Diff: Up:UP Time:Friday, 09-Oct-15 12:24:28 Asia/Tokyo}
&{Date:1444361356 Buy:243.36 Sell:243.44 High:245.37 Low:242.78 Last:243.39 Vol:5431.129 Ema1:243.406836 Ema1Ave:243.364304 DiffAve:0.042532 Diff: Up:UP Time:Friday, 09-Oct-15 12:29:28 Asia/Tokyo}
&{Date:1444361657 Buy:243.44 Sell:243.52 High:245.28 Low:242.78 Last:243.52 Vol:5421.252 Ema1:243.424246 Ema1Ave:243.371163 DiffAve:0.053083 Diff: Up:UP Time:Friday, 09-Oct-15 12:34:29 Asia/Tokyo}
&{Date:1444361957 Buy:243.86 Sell:243.88 High:245.28 Low:242.78 Last:243.88 Vol:5413.92 Ema1:243.494362 Ema1Ave:243.380898 DiffAve:0.113464 Diff: Up:UP Time:Friday, 09-Oct-15 12:39:29 Asia/Tokyo}
&{Date:1444362258 Buy:243.96 Sell:244.08 High:245.28 Low:242.78 Last:244.01 Vol:5420.833 Ema1:243.573691 Ema1Ave:243.393837 DiffAve:0.179854 Diff: Up:UP Time:Friday, 09-Oct-15 12:44:30 Asia/Tokyo}
&{Date:1444362558 Buy:244.04 Sell:244.12 High:245.28 Low:242.78 Last:244.04 Vol:5439.358 Ema1:243.645431 Ema1Ave:243.410597 DiffAve:0.234834 Diff: Up:UP Time:Friday, 09-Oct-15 12:49:30 Asia/Tokyo}
&{Date:1444362858 Buy:244.0 Sell:244.08 High:245.28 Low:242.78 Last:244.06 Vol:5440.873 Ema1:243.709211 Ema1Ave:243.429992 DiffAve:0.279219 Diff: Up:UP Time:Friday, 09-Oct-15 12:54:30 Asia/Tokyo}
&{Date:1444363159 Buy:243.98 Sell:244.04 High:245.28 Low:242.78 Last:244.0 Vol:5463.326 Ema1:243.753948 Ema1Ave:243.451532 DiffAve:0.302416 Diff: Up:UP Time:Friday, 09-Oct-15 12:59:31 Asia/Tokyo}
&{Date:1444363459 Buy:244.21 Sell:244.37 High:245.28 Low:242.78 Last:244.37 Vol:5461.876 Ema1:243.848725 Ema1Ave:243.478305 DiffAve:0.370420 Diff: Up:UP Time:Friday, 09-Oct-15 13:04:31 Asia/Tokyo}
&{Date:1444363760 Buy:244.56 Sell:244.65 High:245.28 Low:242.78 Last:244.56 Vol:5519.307 Ema1:243.958152 Ema1Ave:243.511471 DiffAve:0.446680 Diff: Up:UP Time:Friday, 09-Oct-15 13:09:32 Asia/Tokyo}
&{Date:1444364060 Buy:244.64 Sell:244.66 High:245.28 Low:242.78 Last:244.64 Vol:5529.905 Ema1:244.063052 Ema1Ave:243.550219 DiffAve:0.512832 Diff: Up:UP Time:Friday, 09-Oct-15 13:14:32 Asia/Tokyo}
&{Date:1444364361 Buy:244.42 Sell:244.79 High:245.28 Low:242.78 Last:244.79 Vol:5551.152 Ema1:244.174890 Ema1Ave:243.594972 DiffAve:0.579918 Diff: Up:UP Time:Friday, 09-Oct-15 13:19:33 Asia/Tokyo}
&{Date:1444364661 Buy:244.69 Sell:244.76 High:245.28 Low:242.78 Last:244.7 Vol:5533.453 Ema1:244.255676 Ema1Ave:243.644720 DiffAve:0.610956 Diff: Up:UP Time:Friday, 09-Oct-15 13:24:33 Asia/Tokyo}
&{Date:1444364962 Buy:244.76 Sell:244.82 High:245.28 Low:242.78 Last:244.82 Vol:5535.134 Ema1:244.342495 Ema1Ave:243.699037 DiffAve:0.643459 Diff: Up:UP Time:Friday, 09-Oct-15 13:29:34 Asia/Tokyo}
&{Date:1444365263 Buy:244.28 Sell:244.72 High:245.28 Low:242.78 Last:244.72 Vol:5543.124 Ema1:244.400573 Ema1Ave:243.756279 DiffAve:0.644294 Diff: Up:UP Time:Friday, 09-Oct-15 13:34:35 Asia/Tokyo}
&{Date:1444365563 Buy:244.56 Sell:244.64 High:245.28 Low:242.78 Last:244.61 Vol:5532.592 Ema1:244.432793 Ema1Ave:243.815142 DiffAve:0.617651 Diff: Up:UP Time:Friday, 09-Oct-15 13:39:35 Asia/Tokyo}
&{Date:1444365863 Buy:244.52 Sell:244.6 High:245.28 Low:242.78 Last:244.59 Vol:5533.417 Ema1:244.456979 Ema1Ave:243.874693 DiffAve:0.582286 Diff: Up:UP Time:Friday, 09-Oct-15 13:44:35 Asia/Tokyo}
&{Date:1444366163 Buy:244.24 Sell:244.55 High:245.28 Low:242.78 Last:244.51 Vol:5546.012 Ema1:244.465136 Ema1Ave:243.934227 DiffAve:0.530909 Diff: Up:UP Time:Friday, 09-Oct-15 13:49:35 Asia/Tokyo}
&{Date:1444366464 Buy:244.48 Sell:244.52 High:245.28 Low:242.78 Last:244.47 Vol:5547.347 Ema1:244.465884 Ema1Ave:243.992893 DiffAve:0.472991 Diff: Up:UP Time:Friday, 09-Oct-15 13:54:36 Asia/Tokyo}
&{Date:1444366764 Buy:244.38 Sell:244.39 High:245.28 Low:242.78 Last:244.27 Vol:5568.371 Ema1:244.435748 Ema1Ave:244.050055 DiffAve:0.385693 Diff: Up:UP Time:Friday, 09-Oct-15 13:59:37 Asia/Tokyo}
&{Date:1444367065 Buy:244.44 Sell:244.47 High:245.28 Low:242.78 Last:244.46 Vol:5577.554 Ema1:244.439479 Ema1Ave:244.106457 DiffAve:0.333022 Diff: Up:UP Time:Friday, 09-Oct-15 14:04:37 Asia/Tokyo}
&{Date:1444367365 Buy:244.48 Sell:244.55 High:245.28 Low:242.78 Last:244.54 Vol:5574.674 Ema1:244.454944 Ema1Ave:244.159823 DiffAve:0.295121 Diff: Up:UP Time:Friday, 09-Oct-15 14:09:38 Asia/Tokyo}
&{Date:1444367666 Buy:244.26 Sell:244.52 High:245.28 Low:242.78 Last:244.45 Vol:5557.344 Ema1:244.454183 Ema1Ave:244.208739 DiffAve:0.245445 Diff: Up:UP Time:Friday, 09-Oct-15 14:14:38 Asia/Tokyo}
&{Date:1444367967 Buy:244.22 Sell:244.39 High:245.28 Low:242.78 Last:244.22 Vol:5521.464 Ema1:244.418155 Ema1Ave:244.251668 DiffAve:0.166487 Diff: Up:UP Time:Friday, 09-Oct-15 14:19:39 Asia/Tokyo}
&{Date:1444368267 Buy:244.11 Sell:244.26 High:245.28 Low:242.78 Last:244.26 Vol:5521.559 Ema1:244.393823 Ema1Ave:244.289702 DiffAve:0.104121 Diff: Up:UP Time:Friday, 09-Oct-15 14:24:39 Asia/Tokyo}
&{Date:1444368567 Buy:244.2 Sell:244.25 High:245.28 Low:242.78 Last:244.22 Vol:5520.391 Ema1:244.367081 Ema1Ave:244.323765 DiffAve:0.043316 Diff: Up:UP Time:Friday, 09-Oct-15 14:29:39 Asia/Tokyo}
&{Date:1444368867 Buy:244.13 Sell:244.24 High:245.28 Low:242.78 Last:244.19 Vol:5520.295 Ema1:244.339838 Ema1Ave:244.351049 DiffAve:-0.011211 Diff: Up:DOWNoverZERO Time:Friday, 09-Oct-15 14:34:39 Asia/Tokyo}
&{Date:1444369168 Buy:244.01 Sell:244.16 High:245.28 Low:242.78 Last:244.1 Vol:5519.072 Ema1:244.302940 Ema1Ave:244.370204 DiffAve:-0.067264 Diff: Up:DOWN Time:Friday, 09-Oct-15 14:39:40 Asia/Tokyo}
&{Date:1444369468 Buy:244.01 Sell:244.08 High:245.28 Low:242.78 Last:244.08 Vol:5521.014 Ema1:244.268642 Ema1Ave:244.381625 DiffAve:-0.112984 Diff: Up:DOWN Time:Friday, 09-Oct-15 14:44:40 Asia/Tokyo}
&{Date:1444369769 Buy:244.04 Sell:244.12 High:245.28 Low:242.78 Last:244.07 Vol:5524.052 Ema1:244.238082 Ema1Ave:244.385136 DiffAve:-0.147054 Diff: Up:DOWN Time:Friday, 09-Oct-15 14:49:41 Asia/Tokyo}
&{Date:1444370069 Buy:244.08 Sell:244.16 High:245.28 Low:242.78 Last:244.11 Vol:5523.741 Ema1:244.218377 Ema1Ave:244.383064 DiffAve:-0.164687 Diff: Up:DOWN Time:Friday, 09-Oct-15 14:54:41 Asia/Tokyo}
&{Date:1444370369 Buy:244.08 Sell:244.16 High:245.28 Low:242.78 Last:244.14 Vol:5519.971 Ema1:244.206319 Ema1Ave:244.375499 DiffAve:-0.169180 Diff: Up:DOWN Time:Friday, 09-Oct-15 14:59:41 Asia/Tokyo}
&{Date:1444370670 Buy:244.01 Sell:244.12 High:245.28 Low:242.78 Last:244.07 Vol:5521.257 Ema1:244.185347 Ema1Ave:244.363542 DiffAve:-0.178195 Diff: Up:DOWN Time:Friday, 09-Oct-15 15:04:42 Asia/Tokyo}
&{Date:1444370970 Buy:243.97 Sell:244.01 High:245.28 Low:242.78 Last:244.01 Vol:5521.256 Ema1:244.158371 Ema1Ave:244.348296 DiffAve:-0.189925 Diff: Up:DOWN Time:Friday, 09-Oct-15 15:09:42 Asia/Tokyo}
&{Date:1444371271 Buy:244.16 Sell:244.24 High:245.28 Low:242.78 Last:244.18 Vol:5525.484 Ema1:244.161699 Ema1Ave:244.331892 DiffAve:-0.170193 Diff: Up:DOWN Time:Friday, 09-Oct-15 15:14:43 Asia/Tokyo}
&{Date:1444371571 Buy:244.16 Sell:244.23 High:245.28 Low:242.78 Last:244.2 Vol:5524.69 Ema1:244.167591 Ema1Ave:244.315361 DiffAve:-0.147770 Diff: Up:DOWN Time:Friday, 09-Oct-15 15:19:44 Asia/Tokyo}
&{Date:1444371872 Buy:243.92 Sell:243.99 High:245.28 Low:242.78 Last:243.92 Vol:5526.532 Ema1:244.129500 Ema1Ave:244.296673 DiffAve:-0.167173 Diff: Up:DOWN Time:Friday, 09-Oct-15 15:24:44 Asia/Tokyo}
&{Date:1444372172 Buy:243.8 Sell:243.92 High:245.28 Low:242.78 Last:243.9 Vol:5520.773 Ema1:244.094192 Ema1Ave:244.277698 DiffAve:-0.183506 Diff: Up:DOWN Time:Friday, 09-Oct-15 15:29:45 Asia/Tokyo}
