{Date:1444311814 Buy:244.47 Sell:244.6 High:245.68 Low:242.78 Last:244.47 Vol:5694.304 Ema1:244.496965 Ema1Ave:244.452253 DiffAve:0.044712 Diff: Up:UP}
115 115.000000
{Date:1444311918 Buy:244.42 Sell:244.51 High:245.68 Low:242.78 Last:244.51 Vol:5690.634 Ema1:244.496590 Ema1Ave:244.461016 DiffAve:0.035574 Diff: Up:UP}
118 118.000000
{Date:1444312012 Buy:244.43 Sell:244.5 High:245.68 Low:242.78 Last:244.47 Vol:5660.147 Ema1:244.497579 Ema1Ave:244.469828 DiffAve:0.027751 Diff: Up:UP}
118 118.000000
{Date:1444312116 Buy:244.24 Sell:244.3 High:245.68 Low:242.78 Last:244.35 Vol:5702.443 Ema1:244.398271 Ema1Ave:244.475098 DiffAve:-0.076827 Diff: Up:DOWN}
3 3.000000
{Date:1444312210 Buy:244.24 Sell:244.25 High:245.68 Low:242.78 Last:244.25 Vol:5705.043 Ema1:244.305911 Ema1Ave:244.476658 DiffAve:-0.170746 Diff: Up:DOWN}
12 12.000000
{Date:1444312313 Buy:244.09 Sell:244.15 High:245.68 Low:242.78 Last:244.15 Vol:5728.327 Ema1:244.191284 Ema1Ave:244.474103 DiffAve:-0.282819 Diff: Up:DOWN}
22 22.000000
{Date:1444312417 Buy:244.09 Sell:244.19 High:245.68 Low:242.78 Last:244.24 Vol:5743.683 Ema1:244.211116 Ema1Ave:244.465586 DiffAve:-0.254470 Diff: Up:DOWN}
32 32.000000
{Date:1444312511 Buy:244.09 Sell:244.36 High:245.68 Low:242.78 Last:244.31 Vol:5733.387 Ema1:244.276249 Ema1Ave:244.458881 DiffAve:-0.182633 Diff: Up:DOWN}
41 41.000000
{Date:1444312614 Buy:244.16 Sell:244.23 High:245.68 Low:242.78 Last:244.34 Vol:5731.737 Ema1:244.311889 Ema1Ave:244.453350 DiffAve:-0.141461 Diff: Up:DOWN}
51 51.000000
{Date:1444312717 Buy:244.1 Sell:244.26 High:245.68 Low:242.78 Last:244.27 Vol:5735.437 Ema1:244.303332 Ema1Ave:244.446955 DiffAve:-0.143623 Diff: Up:DOWN}
61 61.000000
{Date:1444312811 Buy:244.05 Sell:244.34 High:245.68 Low:242.78 Last:244.32 Vol:5735.046 Ema1:244.280719 Ema1Ave:244.437535 DiffAve:-0.156816 Diff: Up:DOWN}
70 70.000000
{Date:1444312914 Buy:244.05 Sell:244.34 High:245.68 Low:242.78 Last:244.29 Vol:5734.456 Ema1:244.297480 Ema1Ave:244.430642 DiffAve:-0.133162 Diff: Up:DOWN}
80 80.000000
{Date:1444313018 Buy:244.05 Sell:244.25 High:245.68 Low:242.78 Last:244.25 Vol:5737.711 Ema1:244.275634 Ema1Ave:244.422899 DiffAve:-0.147265 Diff: Up:DOWN}
90 90.000000
{Date:1444313112 Buy:244.05 Sell:244.24 High:245.68 Low:242.78 Last:244.24 Vol:5747.033 Ema1:244.258292 Ema1Ave:244.415059 DiffAve:-0.156767 Diff: Up:DOWN}
99 99.000000
{Date:1444313216 Buy:244.13 Sell:244.34 High:245.68 Low:242.78 Last:244.24 Vol:5732.409 Ema1:244.252250 Ema1Ave:244.406072 DiffAve:-0.153822 Diff: Up:DOWN}
109 109.000000
{Date:1444313310 Buy:244.1 Sell:244.35 High:245.68 Low:242.78 Last:244.2 Vol:5734.25 Ema1:244.238630 Ema1Ave:244.395086 DiffAve:-0.156456 Diff: Up:DOWN}
118 118.000000
{Date:1444313414 Buy:244.05 Sell:244.18 High:245.68 Low:242.78 Last:244.17 Vol:5723.866 Ema1:244.193533 Ema1Ave:244.377158 DiffAve:-0.183625 Diff: Up:DOWN}
118 118.000000
{Date:1444313519 Buy:244.05 Sell:244.34 High:245.68 Low:242.78 Last:244.19 Vol:5720.575 Ema1:244.187624 Ema1Ave:244.357497 DiffAve:-0.169873 Diff: Up:DOWN}
118 118.000000
{Date:1444313614 Buy:244.14 Sell:244.32 High:245.68 Low:242.78 Last:244.17 Vol:5718.945 Ema1:244.179589 Ema1Ave:244.338080 DiffAve:-0.158491 Diff: Up:DOWN}
118 118.000000
{Date:1444313717 Buy:243.98 Sell:244.18 High:245.68 Low:242.78 Last:244.14 Vol:5719.673 Ema1:244.136330 Ema1Ave:244.311180 DiffAve:-0.174850 Diff: Up:DOWN}
118 118.000000
{Date:1444313811 Buy:243.98 Sell:244.15 High:245.68 Low:242.78 Last:243.98 Vol:5709.391 Ema1:244.100441 Ema1Ave:244.287986 DiffAve:-0.187545 Diff: Up:DOWN}
118 118.000000
{Date:1444313915 Buy:243.98 Sell:244.34 High:245.68 Low:242.78 Last:244.25 Vol:5722.982 Ema1:244.168424 Ema1Ave:244.268682 DiffAve:-0.100258 Diff: Up:DOWN}
118 118.000000
{Date:1444314018 Buy:243.97 Sell:244.29 High:245.68 Low:242.78 Last:244.18 Vol:5707.562 Ema1:244.176636 Ema1Ave:244.253469 DiffAve:-0.076833 Diff: Up:DOWN}
118 118.000000
{Date:1444314111 Buy:243.98 Sell:244.3 High:245.68 Low:242.78 Last:244.14 Vol:5706.792 Ema1:244.153472 Ema1Ave:244.238376 DiffAve:-0.084904 Diff: Up:DOWN}
118 118.000000
{Date:1444314216 Buy:243.96 Sell:244.11 High:245.68 Low:242.78 Last:244.11 Vol:5710.504 Ema1:244.128927 Ema1Ave:244.224024 DiffAve:-0.095097 Diff: Up:DOWN}
118 118.000000
{Date:1444314320 Buy:243.98 Sell:244.12 High:245.68 Low:242.78 Last:244.08 Vol:5710.194 Ema1:244.090753 Ema1Ave:244.213364 DiffAve:-0.122611 Diff: Up:DOWN}
118 118.000000
{Date:1444314413 Buy:243.98 Sell:244.13 High:245.68 Low:242.78 Last:244.12 Vol:5699.264 Ema1:244.092500 Ema1Ave:244.208102 DiffAve:-0.115602 Diff: Up:DOWN}
118 118.000000
{Date:1444314517 Buy:243.98 Sell:244.14 High:245.68 Low:242.78 Last:244.07 Vol:5668.214 Ema1:244.074214 Ema1Ave:244.202213 DiffAve:-0.127999 Diff: Up:DOWN}
118 118.000000
{Date:1444314611 Buy:243.99 Sell:244.2 High:245.68 Low:242.78 Last:244.06 Vol:5667.022 Ema1:244.078070 Ema1Ave:244.193864 DiffAve:-0.115793 Diff: Up:DOWN}
118 118.000000
{Date:1444314715 Buy:243.98 Sell:244.19 High:245.68 Low:242.78 Last:244.01 Vol:5669.079 Ema1:244.055042 Ema1Ave:244.182040 DiffAve:-0.126997 Diff: Up:DOWN}
118 118.000000
{Date:1444314820 Buy:244.0 Sell:244.1 High:245.68 Low:242.78 Last:243.97 Vol:5669.666 Ema1:244.014469 Ema1Ave:244.168518 DiffAve:-0.154050 Diff: Up:DOWN}
118 118.000000
{Date:1444314914 Buy:243.99 Sell:244.1 High:245.68 Low:242.78 Last:244.0 Vol:5671.849 Ema1:244.005682 Ema1Ave:244.156621 DiffAve:-0.150939 Diff: Up:DOWN}
118 118.000000
{Date:1444315017 Buy:243.99 Sell:244.05 High:245.68 Low:242.78 Last:244.05 Vol:5667.089 Ema1:244.011046 Ema1Ave:244.142139 DiffAve:-0.131094 Diff: Up:DOWN}
118 118.000000
{Date:1444315111 Buy:244.07 Sell:244.1 High:245.68 Low:242.78 Last:244.15 Vol:5666.599 Ema1:244.096936 Ema1Ave:244.132406 DiffAve:-0.035470 Diff: Up:DOWN}
118 118.000000
{Date:1444315216 Buy:244.1 Sell:244.13 High:245.68 Low:242.78 Last:244.06 Vol:5662.139 Ema1:244.094323 Ema1Ave:244.124836 DiffAve:-0.030512 Diff: Up:DOWN}
118 118.000000
{Date:1444315310 Buy:243.99 Sell:244.13 High:245.68 Low:242.78 Last:244.11 Vol:5662.489 Ema1:244.090308 Ema1Ave:244.117352 DiffAve:-0.027043 Diff: Up:DOWN}
118 118.000000
{Date:1444315417 Buy:243.99 Sell:244.13 High:245.68 Low:242.78 Last:244.1 Vol:5657.718 Ema1:244.084702 Ema1Ave:244.109129 DiffAve:-0.024427 Diff: Up:DOWN}
118 118.000000
{Date:1444315512 Buy:244.09 Sell:244.13 High:245.68 Low:242.78 Last:244.06 Vol:5658.058 Ema1:244.062542 Ema1Ave:244.102903 DiffAve:-0.040361 Diff: Up:DOWN}
118 118.000000
{Date:1444315617 Buy:243.99 Sell:244.09 High:245.68 Low:242.78 Last:244.03 Vol:5658.138 Ema1:244.064870 Ema1Ave:244.097178 DiffAve:-0.032308 Diff: Up:DOWN}
118 118.000000
{Date:1444315711 Buy:244.02 Sell:244.05 High:245.68 Low:242.78 Last:244.03 Vol:5649.203 Ema1:244.036077 Ema1Ave:244.091029 DiffAve:-0.054952 Diff: Up:DOWN}
118 118.000000
{Date:1444315815 Buy:243.92 Sell:244.03 High:245.68 Low:242.78 Last:243.99 Vol:5647.713 Ema1:244.001767 Ema1Ave:244.084793 DiffAve:-0.083026 Diff: Up:DOWN}
118 118.000000
{Date:1444315920 Buy:243.9 Sell:244.07 High:245.68 Low:242.78 Last:243.91 Vol:5645.493 Ema1:243.948118 Ema1Ave:244.076876 DiffAve:-0.128758 Diff: Up:DOWN}
118 118.000000
{Date:1444316014 Buy:243.88 Sell:244.05 High:245.68 Low:242.78 Last:243.88 Vol:5634.963 Ema1:243.924923 Ema1Ave:244.067772 DiffAve:-0.142849 Diff: Up:DOWN}
118 118.000000
{Date:1444316118 Buy:243.74 Sell:243.85 High:245.68 Low:242.78 Last:243.8 Vol:5637.163 Ema1:243.846387 Ema1Ave:244.052646 DiffAve:-0.206259 Diff: Up:DOWN}
118 118.000000
{Date:1444316212 Buy:243.7 Sell:243.73 High:245.68 Low:242.78 Last:243.72 Vol:5636.803 Ema1:243.780100 Ema1Ave:244.036661 DiffAve:-0.256561 Diff: Up:DOWN}
118 118.000000
{Date:1444316315 Buy:243.66 Sell:243.76 High:245.68 Low:242.78 Last:243.7 Vol:5636.203 Ema1:243.712534 Ema1Ave:244.016321 DiffAve:-0.303787 Diff: Up:DOWN}
118 118.000000
{Date:1444316420 Buy:243.63 Sell:243.83 High:245.68 Low:242.78 Last:243.63 Vol:5639.653 Ema1:243.673187 Ema1Ave:243.996272 DiffAve:-0.323085 Diff: Up:DOWN}
118 118.000000
{Date:1444316514 Buy:243.61 Sell:243.75 High:245.68 Low:242.78 Last:243.7 Vol:5640.803 Ema1:243.688982 Ema1Ave:243.978001 DiffAve:-0.289019 Diff: Up:DOWN}
118 118.000000
{Date:1444316619 Buy:243.62 Sell:243.75 High:245.68 Low:242.78 Last:243.75 Vol:5640.883 Ema1:243.742531 Ema1Ave:243.960119 DiffAve:-0.217588 Diff: Up:DOWN}
118 118.000000
{Date:1444316712 Buy:243.63 Sell:243.87 High:245.68 Low:242.78 Last:243.79 Vol:5639.669 Ema1:243.772195 Ema1Ave:243.945435 DiffAve:-0.173240 Diff: Up:DOWN}
118 118.000000
{Date:1444316816 Buy:243.65 Sell:243.87 High:245.68 Low:242.78 Last:243.73 Vol:5637.913 Ema1:243.757136 Ema1Ave:243.931071 DiffAve:-0.173935 Diff: Up:DOWN}
118 118.000000
{Date:1444316921 Buy:243.66 Sell:243.89 High:245.68 Low:242.78 Last:243.71 Vol:5635.913 Ema1:243.742492 Ema1Ave:243.916826 DiffAve:-0.174333 Diff: Up:DOWN}
118 118.000000
{Date:1444317014 Buy:243.66 Sell:243.88 High:245.68 Low:242.78 Last:243.72 Vol:5637.203 Ema1:243.735711 Ema1Ave:243.904600 DiffAve:-0.168889 Diff: Up:DOWN}
118 118.000000
{Date:1444317118 Buy:243.71 Sell:243.88 High:245.68 Low:242.78 Last:243.71 Vol:5635.663 Ema1:243.718543 Ema1Ave:243.890428 DiffAve:-0.171885 Diff: Up:DOWN}
118 118.000000
{Date:1444317212 Buy:243.78 Sell:243.95 High:245.68 Low:242.78 Last:243.78 Vol:5636.823 Ema1:243.752239 Ema1Ave:243.874742 DiffAve:-0.122503 Diff: Up:DOWN}
118 118.000000
{Date:1444317315 Buy:243.75 Sell:243.94 High:245.68 Low:242.78 Last:243.72 Vol:5644.517 Ema1:243.760903 Ema1Ave:243.857693 DiffAve:-0.096790 Diff: Up:DOWN}
118 118.000000
{Date:1444317418 Buy:243.81 Sell:244.01 High:245.68 Low:242.78 Last:243.82 Vol:5646.577 Ema1:243.804363 Ema1Ave:243.843039 DiffAve:-0.038676 Diff: Up:DOWN}
118 118.000000
{Date:1444317512 Buy:243.71 Sell:244.01 High:245.68 Low:242.78 Last:243.89 Vol:5644.127 Ema1:243.854422 Ema1Ave:243.831490 DiffAve:0.022932 Diff: Up:UP}
0 0.000000
{Date:1444317618 Buy:243.71 Sell:243.93 High:245.68 Low:242.78 Last:243.93 Vol:5644.647 Ema1:243.872016 Ema1Ave:243.821638 DiffAve:0.050377 Diff: Up:UP}
10 10.000000
{Date:1444317712 Buy:243.72 Sell:244.03 High:245.68 Low:242.78 Last:243.95 Vol:5643.587 Ema1:243.929521 Ema1Ave:243.814167 DiffAve:0.115354 Diff: Up:UP}
19 19.000000
{Date:1444317814 Buy:243.76 Sell:243.98 High:245.68 Low:242.78 Last:244.0 Vol:5641.637 Ema1:243.986068 Ema1Ave:243.809992 DiffAve:0.176076 Diff: Up:UP}
29 29.000000
{Date:1444317917 Buy:243.76 Sell:244.04 High:245.68 Low:242.78 Last:244.04 Vol:5643.096 Ema1:243.934626 Ema1Ave:243.807685 DiffAve:0.126941 Diff: Up:UP}
39 39.000000
{Date:1444318013 Buy:243.91 Sell:244.09 High:245.68 Low:242.78 Last:244.01 Vol:5642.336 Ema1:243.989116 Ema1Ave:243.807969 DiffAve:0.181147 Diff: Up:UP}
48 48.000000
{Date:1444318118 Buy:243.91 Sell:244.06 High:245.68 Low:242.78 Last:244.01 Vol:5640.536 Ema1:243.993264 Ema1Ave:243.811170 DiffAve:0.182094 Diff: Up:UP}
58 58.000000
{Date:1444318212 Buy:243.87 Sell:244.05 High:245.68 Low:242.78 Last:244.06 Vol:5642.037 Ema1:244.007262 Ema1Ave:243.816810 DiffAve:0.190451 Diff: Up:UP}
67 67.000000
{Date:1444318315 Buy:243.89 Sell:244.09 High:245.68 Low:242.78 Last:244.05 Vol:5639.557 Ema1:244.037150 Ema1Ave:243.828492 DiffAve:0.208658 Diff: Up:UP}
77 77.000000
{Date:1444318421 Buy:243.77 Sell:244.04 High:245.68 Low:242.78 Last:244.0 Vol:5638.021 Ema1:243.967822 Ema1Ave:243.842281 DiffAve:0.125541 Diff: Up:UP}
87 87.000000
{Date:1444318515 Buy:243.89 Sell:244.1 High:245.68 Low:242.78 Last:244.01 Vol:5638.131 Ema1:244.006339 Ema1Ave:243.855656 DiffAve:0.150683 Diff: Up:UP}
96 96.000000
{Date:1444318620 Buy:243.91 Sell:244.09 High:245.68 Low:242.78 Last:243.91 Vol:5639.411 Ema1:243.992145 Ema1Ave:243.871699 DiffAve:0.120446 Diff: Up:UP}
106 106.000000
{Date:1444318715 Buy:243.93 Sell:244.1 High:245.68 Low:242.78 Last:243.95 Vol:5638.871 Ema1:243.956126 Ema1Ave:243.882408 DiffAve:0.073718 Diff: Up:UP}
115 115.000000
{Date:1444318820 Buy:243.84 Sell:244.02 High:245.68 Low:242.78 Last:243.82 Vol:5636.161 Ema1:243.912493 Ema1Ave:243.891781 DiffAve:0.020712 Diff: Up:UP}
118 118.000000
{Date:1444318914 Buy:243.86 Sell:243.93 High:245.68 Low:242.78 Last:243.86 Vol:5639.113 Ema1:243.874351 Ema1Ave:243.897212 DiffAve:-0.022861 Diff: Up:DOWN}
4 4.000000
{Date:1444319018 Buy:243.86 Sell:243.95 High:245.68 Low:242.78 Last:243.88 Vol:5639.523 Ema1:243.869177 Ema1Ave:243.903229 DiffAve:-0.034052 Diff: Up:DOWN}
14 14.000000
{Date:1444319112 Buy:243.88 Sell:244.07 High:245.68 Low:242.78 Last:244.0 Vol:5637.433 Ema1:243.945977 Ema1Ave:243.911574 DiffAve:0.034403 Diff: Up:UP}
23 23.000000
{Date:1444319217 Buy:243.93 Sell:244.08 High:245.68 Low:242.78 Last:243.98 Vol:5636.543 Ema1:243.969271 Ema1Ave:243.923419 DiffAve:0.045852 Diff: Up:UP}
33 33.000000
{Date:1444319321 Buy:244.09 Sell:244.1 High:245.68 Low:242.78 Last:244.08 Vol:5632.133 Ema1:244.049054 Ema1Ave:243.937548 DiffAve:0.111506 Diff: Up:UP}
43 43.000000
{Date:1444319415 Buy:244.01 Sell:244.1 High:245.68 Low:242.78 Last:244.07 Vol:5630.813 Ema1:244.068793 Ema1Ave:243.951056 DiffAve:0.117737 Diff: Up:UP}
52 52.000000
{Date:1444319518 Buy:244.01 Sell:244.1 High:245.68 Low:242.78 Last:244.09 Vol:5630.853 Ema1:244.089928 Ema1Ave:243.965163 DiffAve:0.124765 Diff: Up:UP}
62 62.000000
{Date:1444319622 Buy:244.01 Sell:244.26 High:245.68 Low:242.78 Last:244.16 Vol:5629.693 Ema1:244.104310 Ema1Ave:243.977856 DiffAve:0.126454 Diff: Up:UP}
72 72.000000
{Date:1444319715 Buy:244.01 Sell:244.29 High:245.68 Low:242.78 Last:244.2 Vol:5630.903 Ema1:244.160697 Ema1Ave:243.989556 DiffAve:0.171141 Diff: Up:UP}
81 81.000000
{Date:1444319817 Buy:244.05 Sell:244.29 High:245.68 Low:242.78 Last:244.07 Vol:5619.443 Ema1:244.104973 Ema1Ave:244.001335 DiffAve:0.103638 Diff: Up:UP}
91 91.000000
{Date:1444319922 Buy:244.01 Sell:244.28 High:245.68 Low:242.78 Last:244.06 Vol:5617.713 Ema1:244.081027 Ema1Ave:244.007241 DiffAve:0.073786 Diff: Up:UP}
101 101.000000
{Date:1444320016 Buy:244.05 Sell:244.29 High:245.68 Low:242.78 Last:244.07 Vol:5616.103 Ema1:244.070942 Ema1Ave:244.012120 DiffAve:0.058822 Diff: Up:UP}
110 110.000000
{Date:1444320119 Buy:244.11 Sell:244.29 High:245.68 Low:242.78 Last:244.16 Vol:5615.563 Ema1:244.118380 Ema1Ave:244.017408 DiffAve:0.100972 Diff: Up:UP}
118 118.000000
{Date:1444320212 Buy:244.05 Sell:244.28 High:245.68 Low:242.78 Last:244.16 Vol:5615.963 Ema1:244.151186 Ema1Ave:244.024120 DiffAve:0.127066 Diff: Up:UP}
118 118.000000
{Date:1444320316 Buy:244.02 Sell:244.28 High:245.68 Low:242.78 Last:244.2 Vol:5615.615 Ema1:244.173973 Ema1Ave:244.032321 DiffAve:0.141653 Diff: Up:UP}
118 118.000000
{Date:1444320421 Buy:244.02 Sell:244.14 High:245.68 Low:242.78 Last:244.17 Vol:5612.695 Ema1:244.174450 Ema1Ave:244.039567 DiffAve:0.134883 Diff: Up:UP}
118 118.000000
{Date:1444320514 Buy:244.03 Sell:244.28 High:245.68 Low:242.78 Last:244.15 Vol:5611.315 Ema1:244.159729 Ema1Ave:244.047509 DiffAve:0.112221 Diff: Up:UP}
118 118.000000
{Date:1444320617 Buy:244.04 Sell:244.24 High:245.68 Low:242.78 Last:244.07 Vol:5611.835 Ema1:244.083116 Ema1Ave:244.052923 DiffAve:0.030193 Diff: Up:UP}
118 118.000000
{Date:1444320722 Buy:244.03 Sell:244.26 High:245.68 Low:242.78 Last:244.16 Vol:5611.844 Ema1:244.104586 Ema1Ave:244.056751 DiffAve:0.047835 Diff: Up:UP}
118 118.000000
{Date:1444320816 Buy:244.01 Sell:244.26 High:245.68 Low:242.78 Last:244.14 Vol:5612.294 Ema1:244.135363 Ema1Ave:244.064373 DiffAve:0.070990 Diff: Up:UP}
118 118.000000
{Date:1444320919 Buy:244.03 Sell:244.22 High:245.68 Low:242.78 Last:244.11 Vol:5613.059 Ema1:244.147021 Ema1Ave:244.075045 DiffAve:0.071976 Diff: Up:UP}
118 118.000000
{Date:1444321013 Buy:244.01 Sell:244.14 High:245.68 Low:242.78 Last:244.04 Vol:5611.629 Ema1:244.075164 Ema1Ave:244.084958 DiffAve:-0.009793 Diff: Up:DOWN}
0 0.000000
{Date:1444321117 Buy:243.99 Sell:244.1 High:245.68 Low:242.78 Last:243.99 Vol:5612.439 Ema1:244.038958 Ema1Ave:244.094534 DiffAve:-0.055576 Diff: Up:DOWN}
10 10.000000
{Date:1444321220 Buy:244.02 Sell:244.1 High:245.68 Low:242.78 Last:244.09 Vol:5601.522 Ema1:244.059472 Ema1Ave:244.100115 DiffAve:-0.040643 Diff: Up:DOWN}
20 20.000000
{Date:1444321314 Buy:243.99 Sell:244.13 High:245.68 Low:242.78 Last:244.09 Vol:5605.109 Ema1:244.102126 Ema1Ave:244.104969 DiffAve:-0.002842 Diff: Up:DOWN}
29 29.000000
{Date:1444321419 Buy:244.0 Sell:244.2 High:245.68 Low:242.78 Last:244.13 Vol:5590.609 Ema1:244.119515 Ema1Ave:244.109005 DiffAve:0.010510 Diff: Up:UP}
4 4.000000
{Date:1444321514 Buy:243.98 Sell:244.19 High:245.68 Low:242.78 Last:244.06 Vol:5573.329 Ema1:244.107188 Ema1Ave:244.111016 DiffAve:-0.003828 Diff: Up:Mount}
13 13.000000
{Date:1444321618 Buy:243.87 Sell:244.0 High:245.68 Low:242.78 Last:243.97 Vol:5560.709 Ema1:244.028051 Ema1Ave:244.110130 DiffAve:-0.082079 Diff: Up:DOWN}
23 23.000000
{Date:1444321722 Buy:243.95 Sell:244.12 High:245.68 Low:242.78 Last:244.03 Vol:5559.204 Ema1:244.030171 Ema1Ave:244.106281 DiffAve:-0.076110 Diff: Up:DOWN}
33 33.000000
{Date:1444321817 Buy:243.98 Sell:244.18 High:245.68 Low:242.78 Last:244.07 Vol:5559.094 Ema1:244.065153 Ema1Ave:244.101855 DiffAve:-0.036702 Diff: Up:DOWN}
42 42.000000
{Date:1444321922 Buy:244.05 Sell:244.07 High:245.68 Low:242.78 Last:244.06 Vol:5559.557 Ema1:244.056062 Ema1Ave:244.097829 DiffAve:-0.041767 Diff: Up:DOWN}
52 52.000000
{Date:1444322015 Buy:244.12 Sell:244.16 High:245.68 Low:242.78 Last:244.1 Vol:5561.977 Ema1:244.100620 Ema1Ave:244.097784 DiffAve:0.002837 Diff: Up:UP}
61 61.000000
{Date:1444322119 Buy:244.13 Sell:244.16 High:245.68 Low:242.78 Last:244.15 Vol:5563.14 Ema1:244.127556 Ema1Ave:244.099886 DiffAve:0.027670 Diff: Up:UP}
9 9.000000
{Date:1444322223 Buy:244.11 Sell:244.2 High:245.68 Low:242.78 Last:244.13 Vol:5565.96 Ema1:244.144338 Ema1Ave:244.101695 DiffAve:0.042643 Diff: Up:UP}
19 19.000000
{Date:1444322316 Buy:244.14 Sell:244.2 High:245.68 Low:242.78 Last:244.14 Vol:5566.088 Ema1:244.142236 Ema1Ave:244.101500 DiffAve:0.040735 Diff: Up:UP}
28 28.000000
{Date:1444322422 Buy:244.13 Sell:244.2 High:245.68 Low:242.78 Last:244.13 Vol:5568.416 Ema1:244.134962 Ema1Ave:244.100068 DiffAve:0.034894 Diff: Up:UP}
38 38.000000
{Date:1444322517 Buy:244.12 Sell:244.2 High:245.68 Low:242.78 Last:244.14 Vol:5565.416 Ema1:244.130846 Ema1Ave:244.098103 DiffAve:0.032743 Diff: Up:UP}
47 47.000000
{Date:1444322621 Buy:244.13 Sell:244.2 High:245.68 Low:242.78 Last:244.14 Vol:5553.582 Ema1:244.133398 Ema1Ave:244.096623 DiffAve:0.036775 Diff: Up:UP}
57 57.000000
{Date:1444322714 Buy:244.11 Sell:244.2 High:245.68 Low:242.78 Last:244.16 Vol:5563.022 Ema1:244.141326 Ema1Ave:244.098294 DiffAve:0.043033 Diff: Up:UP}
66 66.000000
{Date:1444322820 Buy:244.13 Sell:244.26 High:245.68 Low:242.78 Last:244.24 Vol:5558.722 Ema1:244.201111 Ema1Ave:244.102430 DiffAve:0.098681 Diff: Up:UP}
76 76.000000
{Date:1444322923 Buy:244.17 Sell:244.35 High:245.68 Low:242.78 Last:244.2 Vol:5565.423 Ema1:244.211599 Ema1Ave:244.106368 DiffAve:0.105231 Diff: Up:UP}
86 86.000000
{Date:1444323016 Buy:244.16 Sell:244.2 High:245.68 Low:242.78 Last:244.18 Vol:5565.631 Ema1:244.213542 Ema1Ave:244.109564 DiffAve:0.103978 Diff: Up:UP}
95 95.000000
{Date:1444323120 Buy:244.32 Sell:244.38 High:245.68 Low:242.78 Last:244.36 Vol:5572.518 Ema1:244.246088 Ema1Ave:244.115502 DiffAve:0.130586 Diff: Up:UP}
105 105.000000
{Date:1444323214 Buy:244.21 Sell:244.35 High:245.68 Low:242.78 Last:244.25 Vol:5573.878 Ema1:244.252317 Ema1Ave:244.124537 DiffAve:0.127780 Diff: Up:UP}
114 114.000000
{Date:1444323319 Buy:244.26 Sell:244.35 High:245.68 Low:242.78 Last:244.29 Vol:5575.118 Ema1:244.281443 Ema1Ave:244.135548 DiffAve:0.145895 Diff: Up:UP}
118 118.000000
{Date:1444323423 Buy:244.02 Sell:244.16 High:245.68 Low:242.78 Last:244.19 Vol:5574.968 Ema1:244.255840 Ema1Ave:244.145520 DiffAve:0.110320 Diff: Up:UP}
118 118.000000
{Date:1444323517 Buy:244.02 Sell:244.13 High:245.65 Low:242.78 Last:244.13 Vol:5562.918 Ema1:244.155220 Ema1Ave:244.149112 DiffAve:0.006108 Diff: Up:UP}
118 118.000000
{Date:1444323621 Buy:244.02 Sell:244.22 High:245.59 Low:242.78 Last:244.2 Vol:5587.877 Ema1:244.162152 Ema1Ave:244.150520 DiffAve:0.011631 Diff: Up:UP}
7 7.000000
{Date:1444323715 Buy:244.07 Sell:244.22 High:245.59 Low:242.78 Last:244.18 Vol:5589.64 Ema1:244.184285 Ema1Ave:244.156058 DiffAve:0.028227 Diff: Up:UP}
16 16.000000
{Date:1444323820 Buy:244.09 Sell:244.24 High:245.59 Low:242.78 Last:244.22 Vol:5589.61 Ema1:244.212701 Ema1Ave:244.165007 DiffAve:0.047694 Diff: Up:UP}
26 26.000000
{Date:1444323915 Buy:244.09 Sell:244.22 High:245.59 Low:242.78 Last:244.23 Vol:5590.24 Ema1:244.222352 Ema1Ave:244.172605 DiffAve:0.049746 Diff: Up:UP}
35 35.000000
{Date:1444324020 Buy:244.08 Sell:244.23 High:245.59 Low:242.78 Last:244.23 Vol:5589.1 Ema1:244.230271 Ema1Ave:244.181268 DiffAve:0.049003 Diff: Up:UP}
45 45.000000
{Date:1444324123 Buy:244.11 Sell:244.29 High:245.59 Low:242.78 Last:244.22 Vol:5591.212 Ema1:244.226947 Ema1Ave:244.187977 DiffAve:0.038969 Diff: Up:UP}
55 55.000000
{Date:1444324218 Buy:244.04 Sell:244.22 High:245.59 Low:242.78 Last:244.2 Vol:5591.172 Ema1:244.205092 Ema1Ave:244.192286 DiffAve:0.012806 Diff: Up:UP}
64 64.000000
{Date:1444324322 Buy:244.12 Sell:244.25 High:245.59 Low:242.78 Last:244.18 Vol:5591.672 Ema1:244.200047 Ema1Ave:244.195657 DiffAve:0.004390 Diff: Up:UP}
74 74.000000
{Date:1444324415 Buy:244.06 Sell:244.25 High:245.59 Low:242.78 Last:244.19 Vol:5591.292 Ema1:244.192879 Ema1Ave:244.198056 DiffAve:-0.005177 Diff: Up:DOWN}
4 4.000000
{Date:1444324521 Buy:244.1 Sell:244.25 High:245.59 Low:242.78 Last:244.2 Vol:5590.542 Ema1:244.195978 Ema1Ave:244.200801 DiffAve:-0.004823 Diff: Up:DOWN}
14 14.000000
{Date:1444324614 Buy:244.13 Sell:244.25 High:245.59 Low:242.78 Last:244.22 Vol:5580.844 Ema1:244.207261 Ema1Ave:244.203937 DiffAve:0.003324 Diff: Up:UP}
23 23.000000
{Date:1444324718 Buy:244.15 Sell:244.3 High:245.59 Low:242.78 Last:244.29 Vol:5577.483 Ema1:244.238310 Ema1Ave:244.208724 DiffAve:0.029586 Diff: Up:UP}
33 33.000000
{Date:1444324822 Buy:244.19 Sell:244.42 High:245.59 Low:242.78 Last:244.3 Vol:5596.089 Ema1:244.306552 Ema1Ave:244.215896 DiffAve:0.090656 Diff: Up:UP}
43 43.000000
{Date:1444324917 Buy:244.18 Sell:244.4 High:245.59 Low:242.78 Last:244.32 Vol:5598.052 Ema1:244.302543 Ema1Ave:244.221348 DiffAve:0.081195 Diff: Up:UP}
52 52.000000
{Date:1444325021 Buy:244.21 Sell:244.36 High:245.59 Low:242.78 Last:244.29 Vol:5597.696 Ema1:244.299776 Ema1Ave:244.226026 DiffAve:0.073749 Diff: Up:UP}
62 62.000000
{Date:1444325114 Buy:244.15 Sell:244.36 High:245.59 Low:242.78 Last:244.34 Vol:5587.578 Ema1:244.316761 Ema1Ave:244.229704 DiffAve:0.087057 Diff: Up:UP}
71 71.000000
{Date:1444325218 Buy:244.12 Sell:244.36 High:245.59 Low:242.78 Last:244.26 Vol:5588.224 Ema1:244.305861 Ema1Ave:244.234538 DiffAve:0.071322 Diff: Up:UP}
81 81.000000
{Date:1444325322 Buy:244.26 Sell:244.3 High:245.59 Low:242.78 Last:244.27 Vol:5588.914 Ema1:244.265461 Ema1Ave:244.235927 DiffAve:0.029534 Diff: Up:UP}
91 91.000000
{Date:1444325416 Buy:244.14 Sell:244.25 High:245.59 Low:242.78 Last:244.26 Vol:5590.553 Ema1:244.249122 Ema1Ave:244.235318 DiffAve:0.013804 Diff: Up:UP}
100 100.000000
{Date:1444325520 Buy:244.14 Sell:244.3 High:245.59 Low:242.78 Last:244.21 Vol:5593.715 Ema1:244.232310 Ema1Ave:244.233734 DiffAve:-0.001424 Diff: Up:Mount}
0 0.000000
{Date:1444325616 Buy:244.48 Sell:244.54 High:245.59 Low:242.78 Last:244.31 Vol:5649.535 Ema1:244.323261 Ema1Ave:244.237753 DiffAve:0.085508 Diff: Up:UP}
9 9.000000
{Date:1444325719 Buy:244.41 Sell:244.57 High:245.59 Low:242.78 Last:244.66 Vol:5702.516 Ema1:244.547294 Ema1Ave:244.253311 DiffAve:0.293983 Diff: Up:UP}
19 19.000000
{Date:1444325824 Buy:244.34 Sell:244.48 High:245.59 Low:242.78 Last:244.35 Vol:5700.389 Ema1:244.411147 Ema1Ave:244.267420 DiffAve:0.143727 Diff: Up:UP}
29 29.000000
{Date:1444325917 Buy:244.4 Sell:244.48 High:245.59 Low:242.78 Last:244.34 Vol:5696.792 Ema1:244.369723 Ema1Ave:244.275513 DiffAve:0.094210 Diff: Up:UP}
38 38.000000
{Date:1444326022 Buy:244.33 Sell:244.44 High:245.59 Low:242.78 Last:244.38 Vol:5694.369 Ema1:244.363554 Ema1Ave:244.282633 DiffAve:0.080921 Diff: Up:UP}
48 48.000000
{Date:1444326116 Buy:244.36 Sell:244.37 High:245.59 Low:242.78 Last:244.38 Vol:5695.316 Ema1:244.381805 Ema1Ave:244.289189 DiffAve:0.092615 Diff: Up:UP}
57 57.000000
{Date:1444326220 Buy:244.36 Sell:244.4 High:245.59 Low:242.78 Last:244.39 Vol:5696.146 Ema1:244.376730 Ema1Ave:244.296902 DiffAve:0.079828 Diff: Up:UP}
67 67.000000
{Date:1444326323 Buy:244.36 Sell:244.44 High:245.59 Low:242.78 Last:244.36 Vol:5696.346 Ema1:244.369667 Ema1Ave:244.304971 DiffAve:0.064696 Diff: Up:UP}
77 77.000000
{Date:1444326417 Buy:244.33 Sell:244.44 High:245.59 Low:242.78 Last:244.34 Vol:5699.673 Ema1:244.364576 Ema1Ave:244.312118 DiffAve:0.052458 Diff: Up:UP}
86 86.000000
{Date:1444326522 Buy:244.33 Sell:244.4 High:245.59 Low:242.78 Last:244.36 Vol:5701.941 Ema1:244.367782 Ema1Ave:244.320860 DiffAve:0.046922 Diff: Up:UP}
96 96.000000
{Date:1444326615 Buy:244.37 Sell:244.4 High:245.59 Low:242.78 Last:244.36 Vol:5703.621 Ema1:244.381397 Ema1Ave:244.329003 DiffAve:0.052394 Diff: Up:UP}
105 105.000000
{Date:1444326719 Buy:244.31 Sell:244.4 High:245.59 Low:242.78 Last:244.39 Vol:5709.236 Ema1:244.367887 Ema1Ave:244.337354 DiffAve:0.030534 Diff: Up:UP}
115 115.000000
{Date:1444326822 Buy:244.36 Sell:244.44 High:245.59 Low:242.78 Last:244.37 Vol:5711.916 Ema1:244.377336 Ema1Ave:244.344368 DiffAve:0.032968 Diff: Up:UP}
118 118.000000
{Date:1444326916 Buy:244.39 Sell:244.4 High:245.59 Low:242.78 Last:244.39 Vol:5687.765 Ema1:244.386750 Ema1Ave:244.348225 DiffAve:0.038525 Diff: Up:UP}
118 118.000000
{Date:1444327019 Buy:244.22 Sell:244.43 High:245.59 Low:242.78 Last:244.43 Vol:5688.615 Ema1:244.381062 Ema1Ave:244.352369 DiffAve:0.028693 Diff: Up:UP}
118 118.000000
{Date:1444327124 Buy:244.4 Sell:244.43 High:245.57 Low:242.78 Last:244.42 Vol:5684.415 Ema1:244.409332 Ema1Ave:244.357133 DiffAve:0.052199 Diff: Up:UP}
118 118.000000
{Date:1444327218 Buy:244.4 Sell:244.51 High:245.57 Low:242.78 Last:244.41 Vol:5687.836 Ema1:244.413247 Ema1Ave:244.361828 DiffAve:0.051419 Diff: Up:UP}
118 118.000000
{Date:1444327323 Buy:244.36 Sell:244.41 High:245.57 Low:242.78 Last:244.36 Vol:5686.482 Ema1:244.402919 Ema1Ave:244.366807 DiffAve:0.036112 Diff: Up:UP}
118 118.000000
{Date:1444327416 Buy:244.4 Sell:244.56 High:245.57 Low:242.78 Last:244.42 Vol:5685.892 Ema1:244.424026 Ema1Ave:244.372966 DiffAve:0.051060 Diff: Up:UP}
118 118.000000
{Date:1444327518 Buy:244.36 Sell:244.5 High:245.57 Low:242.78 Last:244.46 Vol:5688.42 Ema1:244.426753 Ema1Ave:244.381614 DiffAve:0.045139 Diff: Up:UP}
118 118.000000
{Date:1444327624 Buy:244.36 Sell:244.42 High:245.57 Low:242.78 Last:244.42 Vol:5690.88 Ema1:244.402589 Ema1Ave:244.390185 DiffAve:0.012404 Diff: Up:UP}
118 118.000000
{Date:1444327717 Buy:244.36 Sell:244.44 High:245.54 Low:242.78 Last:244.37 Vol:5691.84 Ema1:244.387412 Ema1Ave:244.394678 DiffAve:-0.007266 Diff: Up:DOWN}
1 1.000000
{Date:1444327821 Buy:244.31 Sell:244.4 High:245.51 Low:242.78 Last:244.39 Vol:5693.42 Ema1:244.380975 Ema1Ave:244.389501 DiffAve:-0.008526 Diff: Up:DOWN}
11 11.000000
{Date:1444327915 Buy:244.31 Sell:244.4 High:245.51 Low:242.78 Last:244.4 Vol:5691.52 Ema1:244.379754 Ema1Ave:244.386362 DiffAve:-0.006608 Diff: Up:DOWN}
20 20.000000
{Date:1444328019 Buy:244.36 Sell:244.37 High:245.51 Low:242.78 Last:244.37 Vol:5687.554 Ema1:244.377154 Ema1Ave:244.386426 DiffAve:-0.009272 Diff: Up:DOWN}
30 30.000000
{Date:1444328124 Buy:244.31 Sell:244.35 High:245.51 Low:242.78 Last:244.35 Vol:5684.77 Ema1:244.372722 Ema1Ave:244.387364 DiffAve:-0.014643 Diff: Up:DOWN}
5 5.000000
{Date:1444328218 Buy:244.31 Sell:244.39 High:245.51 Low:242.78 Last:244.36 Vol:5686.224 Ema1:244.347809 Ema1Ave:244.386435 DiffAve:-0.038625 Diff: Up:DOWN}
14 14.000000
{Date:1444328323 Buy:244.31 Sell:244.4 High:245.51 Low:242.78 Last:244.33 Vol:5696.523 Ema1:244.354060 Ema1Ave:244.385271 DiffAve:-0.031211 Diff: Up:DOWN}
24 24.000000
{Date:1444328417 Buy:244.32 Sell:244.4 High:245.51 Low:242.78 Last:244.39 Vol:5697.062 Ema1:244.345978 Ema1Ave:244.383976 DiffAve:-0.037998 Diff: Up:DOWN}
33 33.000000
{Date:1444328520 Buy:244.31 Sell:244.35 High:245.51 Low:242.78 Last:244.33 Vol:5696.557 Ema1:244.338806 Ema1Ave:244.383038 DiffAve:-0.044232 Diff: Up:DOWN}
43 43.000000
{Date:1444328625 Buy:244.31 Sell:244.36 High:245.51 Low:242.78 Last:244.35 Vol:5697.234 Ema1:244.338766 Ema1Ave:244.381664 DiffAve:-0.042897 Diff: Up:DOWN}
53 53.000000
{Date:1444328719 Buy:244.31 Sell:244.36 High:245.51 Low:242.78 Last:244.32 Vol:5700.204 Ema1:244.338391 Ema1Ave:244.380235 DiffAve:-0.041843 Diff: Up:DOWN}
62 62.000000
{Date:1444328823 Buy:244.31 Sell:244.35 High:245.51 Low:242.78 Last:244.35 Vol:5700.92 Ema1:244.345460 Ema1Ave:244.378939 DiffAve:-0.033479 Diff: Up:DOWN}
72 72.000000
{Date:1444328917 Buy:244.28 Sell:244.35 High:245.51 Low:242.78 Last:244.3 Vol:5701.218 Ema1:244.331615 Ema1Ave:244.377465 DiffAve:-0.045850 Diff: Up:DOWN}
81 81.000000
{Date:1444329021 Buy:244.31 Sell:244.36 High:245.51 Low:242.78 Last:244.32 Vol:5701.851 Ema1:244.327692 Ema1Ave:244.374907 DiffAve:-0.047215 Diff: Up:DOWN}
91 91.000000
{Date:1444329125 Buy:244.31 Sell:244.35 High:245.51 Low:242.78 Last:244.31 Vol:5704.103 Ema1:244.317119 Ema1Ave:244.371598 DiffAve:-0.054480 Diff: Up:DOWN}
101 101.000000
{Date:1444329218 Buy:244.31 Sell:244.36 High:245.51 Low:242.78 Last:244.32 Vol:5694.41 Ema1:244.321303 Ema1Ave:244.368166 DiffAve:-0.046863 Diff: Up:DOWN}
110 110.000000
{Date:1444329322 Buy:244.28 Sell:244.33 High:245.51 Low:242.78 Last:244.32 Vol:5694.488 Ema1:244.316954 Ema1Ave:244.363373 DiffAve:-0.046419 Diff: Up:DOWN}
118 118.000000
{Date:1444329417 Buy:244.13 Sell:244.14 High:245.51 Low:242.78 Last:244.14 Vol:5697.088 Ema1:244.253491 Ema1Ave:244.358382 DiffAve:-0.104890 Diff: Up:DOWN}
118 118.000000
{Date:1444329520 Buy:244.28 Sell:244.37 High:245.51 Low:242.78 Last:244.27 Vol:5700.771 Ema1:244.268600 Ema1Ave:244.350120 DiffAve:-0.081520 Diff: Up:DOWN}
118 118.000000
{Date:1444329625 Buy:244.15 Sell:244.33 High:245.51 Low:242.78 Last:244.24 Vol:5706.407 Ema1:244.270219 Ema1Ave:244.342652 DiffAve:-0.072433 Diff: Up:DOWN}
118 118.000000
{Date:1444329719 Buy:244.16 Sell:244.36 High:245.51 Low:242.78 Last:244.28 Vol:5708.235 Ema1:244.270156 Ema1Ave:244.336216 DiffAve:-0.066060 Diff: Up:DOWN}
118 118.000000
{Date:1444329823 Buy:244.14 Sell:244.32 High:245.51 Low:242.78 Last:244.28 Vol:5702.74 Ema1:244.287747 Ema1Ave:244.330519 DiffAve:-0.042771 Diff: Up:DOWN}
118 118.000000
{Date:1444329918 Buy:244.28 Sell:244.34 High:245.51 Low:242.78 Last:244.32 Vol:5702.568 Ema1:244.294571 Ema1Ave:244.326130 DiffAve:-0.031558 Diff: Up:DOWN}
118 118.000000
{Date:1444330022 Buy:244.32 Sell:244.37 High:245.51 Low:242.78 Last:244.36 Vol:5703.598 Ema1:244.327436 Ema1Ave:244.322670 DiffAve:0.004766 Diff: Up:UPoverZERO}
118 118.000000
panic: runtime error: index out of range

goroutine 1 [running]:
runtime.panic(0x61fa20, 0x8d12d7)
	/usr/lib/go/src/pkg/runtime/panic.c:266 +0xb6
main.main()
	/home/ubuntu/dappschart/mailserver5.go:88 +0x126c

goroutine 3 [runnable]:
gopkg.in/mgo%2ev2.(*mongoCluster).syncServersLoop(0xc210062000)
	/home/ubuntu/.go/src/gopkg.in/mgo.v2/cluster.go:394 +0x539
created by gopkg.in/mgo%2ev2.newCluster
	/home/ubuntu/.go/src/gopkg.in/mgo.v2/cluster.go:78 +0x138

goroutine 8 [runnable]:
net.runtime_pollWait(0x7f8b3bb9d180, 0x72, 0x0)
	/usr/lib/go/src/pkg/runtime/netpoll.goc:116 +0x6a
net.(*pollDesc).Wait(0xc210058530, 0x72, 0x7f8b3bb9c108, 0xb)
	/usr/lib/go/src/pkg/net/fd_poll_runtime.go:81 +0x34
net.(*pollDesc).WaitRead(0xc210058530, 0xb, 0x7f8b3bb9c108)
	/usr/lib/go/src/pkg/net/fd_poll_runtime.go:86 +0x30
net.(*netFD).Read(0xc2100584d0, 0xc210093570, 0x24, 0x24, 0x0, ...)
	/usr/lib/go/src/pkg/net/fd_unix.go:204 +0x2a0
net.(*conn).Read(0xc2100965a0, 0xc210093570, 0x24, 0x24, 0x0, ...)
	/usr/lib/go/src/pkg/net/net.go:122 +0xc5
gopkg.in/mgo%2ev2.fill(0x7f8b3bb9c260, 0xc2100965a0, 0xc210093570, 0x24, 0x24, ...)
	/home/ubuntu/.go/src/gopkg.in/mgo.v2/socket.go:504 +0x5b
gopkg.in/mgo%2ev2.(*mongoSocket).readLoop(0xc21004dee0)
	/home/ubuntu/.go/src/gopkg.in/mgo.v2/socket.go:521 +0x115
created by gopkg.in/mgo%2ev2.newSocket
	/home/ubuntu/.go/src/gopkg.in/mgo.v2/socket.go:168 +0x2b3

goroutine 6 [runnable]:
net.runtime_pollWait(0x7f8b3bb9d228, 0x72, 0x0)
	/usr/lib/go/src/pkg/runtime/netpoll.goc:116 +0x6a
net.(*pollDesc).Wait(0xc210058140, 0x72, 0x7f8b3bb9c108, 0xb)
	/usr/lib/go/src/pkg/net/fd_poll_runtime.go:81 +0x34
net.(*pollDesc).WaitRead(0xc210058140, 0xb, 0x7f8b3bb9c108)
	/usr/lib/go/src/pkg/net/fd_poll_runtime.go:86 +0x30
net.(*netFD).Read(0xc2100580e0, 0xc210037870, 0x24, 0x24, 0x0, ...)
	/usr/lib/go/src/pkg/net/fd_unix.go:204 +0x2a0
net.(*conn).Read(0xc210000250, 0xc210037870, 0x24, 0x24, 0x0, ...)
	/usr/lib/go/src/pkg/net/net.go:122 +0xc5
gopkg.in/mgo%2ev2.fill(0x7f8b3bb9c260, 0xc210000250, 0xc210037870, 0x24, 0x24, ...)
	/home/ubuntu/.go/src/gopkg.in/mgo.v2/socket.go:504 +0x5b
gopkg.in/mgo%2ev2.(*mongoSocket).readLoop(0xc21004d700)
	/home/ubuntu/.go/src/gopkg.in/mgo.v2/socket.go:521 +0x115
created by gopkg.in/mgo%2ev2.newSocket
	/home/ubuntu/.go/src/gopkg.in/mgo.v2/socket.go:168 +0x2b3

goroutine 7 [sleep]:
time.Sleep(0x12a05f200)
	/usr/lib/go/src/pkg/runtime/time.goc:31 +0x31
gopkg.in/mgo%2ev2.(*mongoServer).pinger(0xc21004d540, 0xc21004d501)
	/home/ubuntu/.go/src/gopkg.in/mgo.v2/server.go:297 +0x122
created by gopkg.in/mgo%2ev2.newServer
	/home/ubuntu/.go/src/gopkg.in/mgo.v2/server.go:90 +0xf6
